This file contains any messages produced by compilers while
running configure, to aid debugging if configure makes a mistake.

It was created by tk configure 8.5, which was
generated by GNU Autoconf 2.69.  Invocation command line was

  $ ./configure --enable-gcc --disable-shared --disable-xft --disable-xss --prefix=/Users/oljideje/workspace/repos/ns-install-osx/ns-allinone-2.35

## --------- ##
## Platform. ##
## --------- ##

hostname = dhcp130-243-26-15.vl815.kau.se
uname -m = x86_64
uname -r = 18.2.0
uname -s = Darwin
uname -v = Darwin Kernel Version 18.2.0: Fri Oct  5 19:41:49 PDT 2018; root:xnu-4903.221.2~2/RELEASE_X86_64

/usr/bin/uname -p = i386
/bin/uname -X     = unknown

/bin/arch              = unknown
/usr/bin/arch -k       = unknown
/usr/convex/getsysinfo = unknown
/usr/bin/hostinfo      = Mach kernel version:
	 Darwin Kernel Version 18.2.0: Fri Oct  5 19:41:49 PDT 2018; root:xnu-4903.221.2~2/RELEASE_X86_64
Kernel configured for up to 4 processors.
2 processors are physically available.
4 processors are logically available.
Processor type: x86_64h (Intel x86-64h Haswell)
Processors active: 0 1 2 3
Primary memory available: 8.00 gigabytes
Default processor set: 370 tasks, 1191 threads, 4 processors
Load average: 4.20, Mach factor: 1.14
/bin/machine           = unknown
/usr/bin/oslevel       = unknown
/bin/universe          = unknown

PATH: /Users/oljideje/workspace/repos/ns-install-osx/ns-allinone-2.35/bin
PATH: /usr/local/bin
PATH: /usr/local/bin
PATH: /usr/bin
PATH: /bin
PATH: /usr/sbin
PATH: /sbin
PATH: /Library/TeX/texbin
PATH: /opt/X11/bin
PATH: /Applications/Wireshark.app/Contents/MacOS
PATH: /Users/oljideje/workspace/repos/ns-install-osx/ns-allinone-2.35/ns-2.35
PATH: /Users/oljideje/workspace/repos/ns-install-osx/ns-allinone-2.35/nam-1.15
PATH: /Users/oljideje/workspace/repos/ns-install-osx/ns-allinone-2.35/ns-2.35
PATH: /Users/oljideje/workspace/repos/ns-install-osx/ns-allinone-2.35/nam-1.15
PATH: /Users/oljideje/workspace/repos/ns-install-osx/ns-allinone-2.35/ns-2.35
PATH: /Users/oljideje/workspace/repos/ns-install-osx/ns-allinone-2.35/nam-1.15
PATH: /Users/oljideje/workspace/repos/ns-install-osx/ns-allinone-2.35/ns-2.35
PATH: /Users/oljideje/workspace/repos/ns-install-osx/ns-allinone-2.35/nam-1.15


## ----------- ##
## Core tests. ##
## ----------- ##

configure:2306: checking for Tcl configuration
configure:2406: result: found /Users/oljideje/workspace/repos/ns-install-osx/ns-allinone-2.35/tcl8.5.10/unix/tclConfig.sh
configure:2412: checking for existence of /Users/oljideje/workspace/repos/ns-install-osx/ns-allinone-2.35/tcl8.5.10/unix/tclConfig.sh
configure:2416: result: loading
configure:2482: checking for tclsh
configure:2506: result: /Users/oljideje/workspace/repos/ns-install-osx/ns-allinone-2.35/bin/tclsh8.5
configure:2517: checking for tclsh in Tcl build directory
configure:2520: result: /Users/oljideje/workspace/repos/ns-install-osx/ns-allinone-2.35/tcl8.5.10/unix/tclsh
configure:2550: checking whether to use symlinks for manpages
configure:2559: result: no
configure:2562: checking whether to compress the manpages
configure:2575: result: no
configure:2589: checking whether to add a package name suffix for the manpages
configure:2602: result: no
configure:2666: checking for gcc
configure:2682: found /usr/bin/gcc
configure:2693: result: gcc
configure:2922: checking for C compiler version
configure:2931: gcc --version >&5
Apple LLVM version 10.0.0 (clang-1000.11.45.5)
Target: x86_64-apple-darwin18.2.0
Thread model: posix
InstalledDir: /Applications/Xcode.app/Contents/Developer/Toolchains/XcodeDefault.xctoolchain/usr/bin
Configured with: --prefix=/Applications/Xcode.app/Contents/Developer/usr --with-gxx-include-dir=/Applications/Xcode.app/Contents/Developer/Platforms/MacOSX.platform/Developer/SDKs/MacOSX10.14.sdk/usr/include/c++/4.2.1
configure:2942: $? = 0
configure:2931: gcc -v >&5
Configured with: --prefix=/Applications/Xcode.app/Contents/Developer/usr --with-gxx-include-dir=/Applications/Xcode.app/Contents/Developer/Platforms/MacOSX.platform/Developer/SDKs/MacOSX10.14.sdk/usr/include/c++/4.2.1
Apple LLVM version 10.0.0 (clang-1000.11.45.5)
Target: x86_64-apple-darwin18.2.0
Thread model: posix
InstalledDir: /Applications/Xcode.app/Contents/Developer/Toolchains/XcodeDefault.xctoolchain/usr/bin
configure:2942: $? = 0
configure:2931: gcc -V >&5
clang: error: argument to '-V' is missing (expected 1 value)
clang: error: no input files
configure:2942: $? = 1
configure:2931: gcc -qversion >&5
clang: error: unknown argument: '-qversion'
clang: error: no input files
configure:2942: $? = 1
configure:2962: checking whether the C compiler works
configure:2984: gcc    conftest.c  >&5
configure:2988: $? = 0
configure:3036: result: yes
configure:3039: checking for C compiler default output file name
configure:3041: result: a.out
configure:3047: checking for suffix of executables
configure:3054: gcc -o conftest    conftest.c  >&5
configure:3058: $? = 0
configure:3080: result: 
configure:3102: checking whether we are cross compiling
configure:3110: gcc -o conftest    conftest.c  >&5
configure:3114: $? = 0
configure:3121: ./conftest
configure:3125: $? = 0
configure:3140: result: no
configure:3145: checking for suffix of object files
configure:3167: gcc -c   conftest.c >&5
configure:3171: $? = 0
configure:3192: result: o
configure:3196: checking whether we are using the GNU C compiler
configure:3215: gcc -c   conftest.c >&5
configure:3215: $? = 0
configure:3224: result: yes
configure:3233: checking whether gcc accepts -g
configure:3253: gcc -c -g  conftest.c >&5
configure:3253: $? = 0
configure:3294: result: yes
configure:3311: checking for gcc option to accept ISO C89
configure:3374: gcc  -c   conftest.c >&5
configure:3374: $? = 0
configure:3387: result: none needed
configure:3416: checking how to run the C preprocessor
configure:3447: gcc -E  conftest.c
configure:3447: $? = 0
configure:3461: gcc -E  conftest.c
conftest.c:9:10: fatal error: 'ac_nonexistent.h' file not found
#include <ac_nonexistent.h>
         ^~~~~~~~~~~~~~~~~~
1 error generated.
configure:3461: $? = 1
configure: failed program was:
| /* confdefs.h */
| #define PACKAGE_NAME "tk"
| #define PACKAGE_TARNAME "tk"
| #define PACKAGE_VERSION "8.5"
| #define PACKAGE_STRING "tk 8.5"
| #define PACKAGE_BUGREPORT ""
| #define PACKAGE_URL ""
| /* end confdefs.h.  */
| #include <ac_nonexistent.h>
configure:3486: result: gcc -E
configure:3506: gcc -E  conftest.c
configure:3506: $? = 0
configure:3520: gcc -E  conftest.c
conftest.c:9:10: fatal error: 'ac_nonexistent.h' file not found
#include <ac_nonexistent.h>
         ^~~~~~~~~~~~~~~~~~
1 error generated.
configure:3520: $? = 1
configure: failed program was:
| /* confdefs.h */
| #define PACKAGE_NAME "tk"
| #define PACKAGE_TARNAME "tk"
| #define PACKAGE_VERSION "8.5"
| #define PACKAGE_STRING "tk 8.5"
| #define PACKAGE_BUGREPORT ""
| #define PACKAGE_URL ""
| /* end confdefs.h.  */
| #include <ac_nonexistent.h>
configure:3549: checking for grep that handles long lines and -e
configure:3607: result: /usr/bin/grep
configure:3612: checking for egrep
configure:3674: result: /usr/bin/grep -E
configure:3679: checking for ANSI C header files
configure:3699: gcc -c   conftest.c >&5
configure:3699: $? = 0
configure:3772: gcc -o conftest    conftest.c  >&5
configure:3772: $? = 0
configure:3772: ./conftest
configure:3772: $? = 0
configure:3783: result: yes
configure:3796: checking for sys/types.h
configure:3796: gcc -c   conftest.c >&5
configure:3796: $? = 0
configure:3796: result: yes
configure:3796: checking for sys/stat.h
configure:3796: gcc -c   conftest.c >&5
configure:3796: $? = 0
configure:3796: result: yes
configure:3796: checking for stdlib.h
configure:3796: gcc -c   conftest.c >&5
configure:3796: $? = 0
configure:3796: result: yes
configure:3796: checking for string.h
configure:3796: gcc -c   conftest.c >&5
configure:3796: $? = 0
configure:3796: result: yes
configure:3796: checking for memory.h
configure:3796: gcc -c   conftest.c >&5
configure:3796: $? = 0
configure:3796: result: yes
configure:3796: checking for strings.h
configure:3796: gcc -c   conftest.c >&5
configure:3796: $? = 0
configure:3796: result: yes
configure:3796: checking for inttypes.h
configure:3796: gcc -c   conftest.c >&5
configure:3796: $? = 0
configure:3796: result: yes
configure:3796: checking for stdint.h
configure:3796: gcc -c   conftest.c >&5
configure:3796: $? = 0
configure:3796: result: yes
configure:3796: checking for unistd.h
configure:3796: gcc -c   conftest.c >&5
configure:3796: $? = 0
configure:3796: result: yes
configure:3808: checking limits.h usability
configure:3808: gcc -c   conftest.c >&5
configure:3808: $? = 0
configure:3808: result: yes
configure:3808: checking limits.h presence
configure:3808: gcc -E  conftest.c
configure:3808: $? = 0
configure:3808: result: yes
configure:3808: checking for limits.h
configure:3808: result: yes
configure:3826: checking for stdlib.h
configure:3826: result: yes
configure:3885: checking if the compiler understands -pipe
configure:3903: gcc -c  -pipe  conftest.c >&5
configure:3903: $? = 0
configure:3911: result: yes
configure:4306: checking for building with threads
configure:4320: result: no (default)
configure:4331: checking how to build libraries
configure:4353: result: static
configure:4411: checking for ranlib
configure:4427: found /usr/bin/ranlib
configure:4438: result: ranlib
configure:4464: checking if 64bit support is requested
configure:4473: result: no
configure:4478: checking if 64bit Sparc VIS support is requested
configure:4487: result: no
configure:4497: checking if compiler supports visibility "hidden"
configure:4517: gcc -o conftest  -pipe -Werror   conftest.c  >&5
configure:4517: $? = 0
configure:4526: result: yes
configure:4538: checking if rpath support is requested
configure:4547: result: yes
configure:4554: checking system version
configure:4582: result: Darwin-18.2.0
configure:4590: checking for dlopen in -ldl
configure:4615: gcc -o conftest  -pipe   conftest.c -ldl   >&5
configure:4615: $? = 0
configure:4624: result: yes
configure:4706: checking for ar
configure:4722: found /usr/bin/ar
configure:4733: result: ar
configure:5645: checking if ld accepts -single_module flag
configure:5664: gcc -o conftest -pipe     -dynamiclib -Wl,-single_module conftest.c  >&5
configure:5664: $? = 0
configure:5673: result: yes
configure:5690: checking if ld accepts -search_paths_first flag
configure:5709: gcc -o conftest -pipe     -prebind -headerpad_max_install_names -Wl,-search_paths_first conftest.c  >&5
ld: warning: option -prebind is obsolete and being ignored
configure:5709: $? = 0
configure:5718: result: yes
configure:5740: checking whether to use CoreFoundation
configure:5749: result: yes
configure:5753: checking for CoreFoundation.framework
configure:5782: gcc -o conftest -pipe     -prebind -headerpad_max_install_names -Wl,-search_paths_first conftest.c  -framework CoreFoundation >&5
ld: warning: option -prebind is obsolete and being ignored
configure:5782: $? = 0
configure:5797: result: yes
configure:6428: checking for build with symbols
configure:6442: result: no
configure:6486: checking for required early compiler flags
configure:6504: gcc -c -pipe    conftest.c >&5
configure:6504: $? = 0
configure:6551: gcc -c -pipe    conftest.c >&5
conftest.c:31:28: warning: 'stat64' is deprecated: first deprecated in macOS 10.6 [-Wdeprecated-declarations]
struct stat64 buf; int i = stat64("/", &buf);
                           ^
/Applications/Xcode.app/Contents/Developer/Platforms/MacOSX.platform/Developer/SDKs/MacOSX10.14.sdk/usr/include/sys/stat.h:402:5: note: 'stat64' has been explicitly marked deprecated here
int     stat64(const char *, struct stat64 *) __OSX_AVAILABLE_BUT_DEPRECATED(__MAC_10_5,__MAC_10_6,__IPHONE_NA,__IPHONE_NA);
        ^
1 warning generated.
configure:6551: $? = 0
configure:6598: gcc -c -pipe    conftest.c >&5
conftest.c:31:19: error: use of undeclared identifier 'open64'
char *p = (char *)open64;
                  ^
1 error generated.
configure:6598: $? = 1
configure: failed program was:
| /* confdefs.h */
| #define PACKAGE_NAME "tk"
| #define PACKAGE_TARNAME "tk"
| #define PACKAGE_VERSION "8.5"
| #define PACKAGE_STRING "tk 8.5"
| #define PACKAGE_BUGREPORT ""
| #define PACKAGE_URL ""
| #define STDC_HEADERS 1
| #define HAVE_SYS_TYPES_H 1
| #define HAVE_SYS_STAT_H 1
| #define HAVE_STDLIB_H 1
| #define HAVE_STRING_H 1
| #define HAVE_MEMORY_H 1
| #define HAVE_STRINGS_H 1
| #define HAVE_INTTYPES_H 1
| #define HAVE_STDINT_H 1
| #define HAVE_UNISTD_H 1
| #define HAVE_LIMITS_H 1
| #define STATIC_BUILD 1
| #define MODULE_SCOPE extern __attribute__((__visibility__("hidden")))
| #define MAC_OSX_TCL 1
| #define HAVE_COREFOUNDATION 1
| #define TCL_SHLIB_EXT ".dylib"
| #define TCL_CFG_OPTIMIZED 1
| #define TCL_CFG_DEBUG 1
| /* end confdefs.h.  */
| #include <sys/stat.h>
| int
| main ()
| {
| char *p = (char *)open64;
|   ;
|   return 0;
| }
configure:6613: gcc -c -pipe    conftest.c >&5
conftest.c:32:19: error: use of undeclared identifier 'open64'
char *p = (char *)open64;
                  ^
1 error generated.
configure:6613: $? = 1
configure: failed program was:
| /* confdefs.h */
| #define PACKAGE_NAME "tk"
| #define PACKAGE_TARNAME "tk"
| #define PACKAGE_VERSION "8.5"
| #define PACKAGE_STRING "tk 8.5"
| #define PACKAGE_BUGREPORT ""
| #define PACKAGE_URL ""
| #define STDC_HEADERS 1
| #define HAVE_SYS_TYPES_H 1
| #define HAVE_SYS_STAT_H 1
| #define HAVE_STDLIB_H 1
| #define HAVE_STRING_H 1
| #define HAVE_MEMORY_H 1
| #define HAVE_STRINGS_H 1
| #define HAVE_INTTYPES_H 1
| #define HAVE_STDINT_H 1
| #define HAVE_UNISTD_H 1
| #define HAVE_LIMITS_H 1
| #define STATIC_BUILD 1
| #define MODULE_SCOPE extern __attribute__((__visibility__("hidden")))
| #define MAC_OSX_TCL 1
| #define HAVE_COREFOUNDATION 1
| #define TCL_SHLIB_EXT ".dylib"
| #define TCL_CFG_OPTIMIZED 1
| #define TCL_CFG_DEBUG 1
| /* end confdefs.h.  */
| #define _LARGEFILE_SOURCE64 1
| #include <sys/stat.h>
| int
| main ()
| {
| char *p = (char *)open64;
|   ;
|   return 0;
| }
configure:6631: result: none
configure:6640: checking for 64-bit integer type
configure:6659: gcc -c -pipe    conftest.c >&5
conftest.c:31:1: error: use of undeclared identifier '__int64'
__int64 value = (__int64) 0;
^
1 error generated.
configure:6659: $? = 1
configure: failed program was:
| /* confdefs.h */
| #define PACKAGE_NAME "tk"
| #define PACKAGE_TARNAME "tk"
| #define PACKAGE_VERSION "8.5"
| #define PACKAGE_STRING "tk 8.5"
| #define PACKAGE_BUGREPORT ""
| #define PACKAGE_URL ""
| #define STDC_HEADERS 1
| #define HAVE_SYS_TYPES_H 1
| #define HAVE_SYS_STAT_H 1
| #define HAVE_STDLIB_H 1
| #define HAVE_STRING_H 1
| #define HAVE_MEMORY_H 1
| #define HAVE_STRINGS_H 1
| #define HAVE_INTTYPES_H 1
| #define HAVE_STDINT_H 1
| #define HAVE_UNISTD_H 1
| #define HAVE_LIMITS_H 1
| #define STATIC_BUILD 1
| #define MODULE_SCOPE extern __attribute__((__visibility__("hidden")))
| #define MAC_OSX_TCL 1
| #define HAVE_COREFOUNDATION 1
| #define TCL_SHLIB_EXT ".dylib"
| #define TCL_CFG_OPTIMIZED 1
| #define TCL_CFG_DEBUG 1
| /* end confdefs.h.  */
| 
| int
| main ()
| {
| __int64 value = (__int64) 0;
|   ;
|   return 0;
| }
configure:6681: gcc -c -pipe    conftest.c >&5
conftest.c:32:26: error: duplicate case value '1'
            case 1: case (sizeof(long long)==sizeof(long)): ;
                         ^
conftest.c:32:18: note: previous case defined here
            case 1: case (sizeof(long long)==sizeof(long)): ;
                 ^
1 error generated.
configure:6681: $? = 1
configure: failed program was:
| /* confdefs.h */
| #define PACKAGE_NAME "tk"
| #define PACKAGE_TARNAME "tk"
| #define PACKAGE_VERSION "8.5"
| #define PACKAGE_STRING "tk 8.5"
| #define PACKAGE_BUGREPORT ""
| #define PACKAGE_URL ""
| #define STDC_HEADERS 1
| #define HAVE_SYS_TYPES_H 1
| #define HAVE_SYS_STAT_H 1
| #define HAVE_STDLIB_H 1
| #define HAVE_STRING_H 1
| #define HAVE_MEMORY_H 1
| #define HAVE_STRINGS_H 1
| #define HAVE_INTTYPES_H 1
| #define HAVE_STDINT_H 1
| #define HAVE_UNISTD_H 1
| #define HAVE_LIMITS_H 1
| #define STATIC_BUILD 1
| #define MODULE_SCOPE extern __attribute__((__visibility__("hidden")))
| #define MAC_OSX_TCL 1
| #define HAVE_COREFOUNDATION 1
| #define TCL_SHLIB_EXT ".dylib"
| #define TCL_CFG_OPTIMIZED 1
| #define TCL_CFG_DEBUG 1
| /* end confdefs.h.  */
| 
| int
| main ()
| {
| switch (0) {
|             case 1: case (sizeof(long long)==sizeof(long)): ;
|         }
|   ;
|   return 0;
| }
configure:6691: result: using long
configure:6826: checking whether byte ordering is bigendian
configure:6841: gcc -c -pipe    conftest.c >&5
configure:6841: $? = 0
configure:6886: gcc -c -pipe    conftest.c >&5
configure:6886: $? = 0
configure:6904: gcc -c -pipe    conftest.c >&5
conftest.c:35:4: error: use of undeclared identifier 'not'
                 not big endian
                 ^
1 error generated.
configure:6904: $? = 1
configure: failed program was:
| /* confdefs.h */
| #define PACKAGE_NAME "tk"
| #define PACKAGE_TARNAME "tk"
| #define PACKAGE_VERSION "8.5"
| #define PACKAGE_STRING "tk 8.5"
| #define PACKAGE_BUGREPORT ""
| #define PACKAGE_URL ""
| #define STDC_HEADERS 1
| #define HAVE_SYS_TYPES_H 1
| #define HAVE_SYS_STAT_H 1
| #define HAVE_STDLIB_H 1
| #define HAVE_STRING_H 1
| #define HAVE_MEMORY_H 1
| #define HAVE_STRINGS_H 1
| #define HAVE_INTTYPES_H 1
| #define HAVE_STDINT_H 1
| #define HAVE_UNISTD_H 1
| #define HAVE_LIMITS_H 1
| #define STATIC_BUILD 1
| #define MODULE_SCOPE extern __attribute__((__visibility__("hidden")))
| #define MAC_OSX_TCL 1
| #define HAVE_COREFOUNDATION 1
| #define TCL_SHLIB_EXT ".dylib"
| #define TCL_CFG_OPTIMIZED 1
| #define TCL_CFG_DEBUG 1
| #define TCL_WIDE_INT_IS_LONG 1
| /* end confdefs.h.  */
| #include <sys/types.h>
| 		#include <sys/param.h>
| 
| int
| main ()
| {
| #if BYTE_ORDER != BIG_ENDIAN
| 		 not big endian
| 		#endif
| 
|   ;
|   return 0;
| }
configure:7032: result: no
configure:7081: checking for fd_set in sys/types
configure:7098: gcc -c -pipe    conftest.c >&5
configure:7098: $? = 0
configure:7105: result: yes
configure:7150: checking sys/time.h usability
configure:7150: gcc -c -pipe    conftest.c >&5
configure:7150: $? = 0
configure:7150: result: yes
configure:7150: checking sys/time.h presence
configure:7150: gcc -E   conftest.c
configure:7150: $? = 0
configure:7150: result: yes
configure:7150: checking for sys/time.h
configure:7150: result: yes
configure:7160: checking whether time.h and sys/time.h may both be included
configure:7180: gcc -c -pipe    conftest.c >&5
configure:7180: $? = 0
configure:7187: result: yes
configure:7204: checking for strtod
configure:7204: gcc -o conftest -pipe     -prebind -headerpad_max_install_names -Wl,-search_paths_first  conftest.c  -framework CoreFoundation >&5
ld: warning: option -prebind is obsolete and being ignored
configure:7204: $? = 0
configure:7204: result: yes
configure:7212: checking for Solaris2.4/Tru64 strtod bugs
configure:7244: gcc -o conftest -pipe     -prebind -headerpad_max_install_names -Wl,-search_paths_first  conftest.c  -framework CoreFoundation >&5
conftest.c:38:4: warning: implicitly declaring library function 'exit' with type 'void (int) __attribute__((noreturn))' [-Wimplicit-function-declaration]
                        exit(1);
                        ^
conftest.c:38:4: note: include the header <stdlib.h> or explicitly provide a declaration for 'exit'
1 warning generated.
ld: warning: option -prebind is obsolete and being ignored
configure:7244: $? = 0
configure:7244: ./conftest
configure:7244: $? = 0
configure:7254: result: ok
configure:7276: checking for mode_t
configure:7276: gcc -c -pipe    conftest.c >&5
configure:7276: $? = 0
configure:7276: gcc -c -pipe    conftest.c >&5
conftest.c:66:21: error: expected expression
if (sizeof ((mode_t)))
                    ^
1 error generated.
configure:7276: $? = 1
configure: failed program was:
| /* confdefs.h */
| #define PACKAGE_NAME "tk"
| #define PACKAGE_TARNAME "tk"
| #define PACKAGE_VERSION "8.5"
| #define PACKAGE_STRING "tk 8.5"
| #define PACKAGE_BUGREPORT ""
| #define PACKAGE_URL ""
| #define STDC_HEADERS 1
| #define HAVE_SYS_TYPES_H 1
| #define HAVE_SYS_STAT_H 1
| #define HAVE_STDLIB_H 1
| #define HAVE_STRING_H 1
| #define HAVE_MEMORY_H 1
| #define HAVE_STRINGS_H 1
| #define HAVE_INTTYPES_H 1
| #define HAVE_STDINT_H 1
| #define HAVE_UNISTD_H 1
| #define HAVE_LIMITS_H 1
| #define STATIC_BUILD 1
| #define MODULE_SCOPE extern __attribute__((__visibility__("hidden")))
| #define MAC_OSX_TCL 1
| #define HAVE_COREFOUNDATION 1
| #define TCL_SHLIB_EXT ".dylib"
| #define TCL_CFG_OPTIMIZED 1
| #define TCL_CFG_DEBUG 1
| #define TCL_WIDE_INT_IS_LONG 1
| #define HAVE_SYS_TIME_H 1
| #define TIME_WITH_SYS_TIME 1
| /* end confdefs.h.  */
| #include <stdio.h>
| #ifdef HAVE_SYS_TYPES_H
| # include <sys/types.h>
| #endif
| #ifdef HAVE_SYS_STAT_H
| # include <sys/stat.h>
| #endif
| #ifdef STDC_HEADERS
| # include <stdlib.h>
| # include <stddef.h>
| #else
| # ifdef HAVE_STDLIB_H
| #  include <stdlib.h>
| # endif
| #endif
| #ifdef HAVE_STRING_H
| # if !defined STDC_HEADERS && defined HAVE_MEMORY_H
| #  include <memory.h>
| # endif
| # include <string.h>
| #endif
| #ifdef HAVE_STRINGS_H
| # include <strings.h>
| #endif
| #ifdef HAVE_INTTYPES_H
| # include <inttypes.h>
| #endif
| #ifdef HAVE_STDINT_H
| # include <stdint.h>
| #endif
| #ifdef HAVE_UNISTD_H
| # include <unistd.h>
| #endif
| int
| main ()
| {
| if (sizeof ((mode_t)))
| 	    return 0;
|   ;
|   return 0;
| }
configure:7276: result: yes
configure:7287: checking for pid_t
configure:7287: gcc -c -pipe    conftest.c >&5
configure:7287: $? = 0
configure:7287: gcc -c -pipe    conftest.c >&5
conftest.c:66:20: error: expected expression
if (sizeof ((pid_t)))
                   ^
1 error generated.
configure:7287: $? = 1
configure: failed program was:
| /* confdefs.h */
| #define PACKAGE_NAME "tk"
| #define PACKAGE_TARNAME "tk"
| #define PACKAGE_VERSION "8.5"
| #define PACKAGE_STRING "tk 8.5"
| #define PACKAGE_BUGREPORT ""
| #define PACKAGE_URL ""
| #define STDC_HEADERS 1
| #define HAVE_SYS_TYPES_H 1
| #define HAVE_SYS_STAT_H 1
| #define HAVE_STDLIB_H 1
| #define HAVE_STRING_H 1
| #define HAVE_MEMORY_H 1
| #define HAVE_STRINGS_H 1
| #define HAVE_INTTYPES_H 1
| #define HAVE_STDINT_H 1
| #define HAVE_UNISTD_H 1
| #define HAVE_LIMITS_H 1
| #define STATIC_BUILD 1
| #define MODULE_SCOPE extern __attribute__((__visibility__("hidden")))
| #define MAC_OSX_TCL 1
| #define HAVE_COREFOUNDATION 1
| #define TCL_SHLIB_EXT ".dylib"
| #define TCL_CFG_OPTIMIZED 1
| #define TCL_CFG_DEBUG 1
| #define TCL_WIDE_INT_IS_LONG 1
| #define HAVE_SYS_TIME_H 1
| #define TIME_WITH_SYS_TIME 1
| /* end confdefs.h.  */
| #include <stdio.h>
| #ifdef HAVE_SYS_TYPES_H
| # include <sys/types.h>
| #endif
| #ifdef HAVE_SYS_STAT_H
| # include <sys/stat.h>
| #endif
| #ifdef STDC_HEADERS
| # include <stdlib.h>
| # include <stddef.h>
| #else
| # ifdef HAVE_STDLIB_H
| #  include <stdlib.h>
| # endif
| #endif
| #ifdef HAVE_STRING_H
| # if !defined STDC_HEADERS && defined HAVE_MEMORY_H
| #  include <memory.h>
| # endif
| # include <string.h>
| #endif
| #ifdef HAVE_STRINGS_H
| # include <strings.h>
| #endif
| #ifdef HAVE_INTTYPES_H
| # include <inttypes.h>
| #endif
| #ifdef HAVE_STDINT_H
| # include <stdint.h>
| #endif
| #ifdef HAVE_UNISTD_H
| # include <unistd.h>
| #endif
| int
| main ()
| {
| if (sizeof ((pid_t)))
| 	    return 0;
|   ;
|   return 0;
| }
configure:7287: result: yes
configure:7298: checking for size_t
configure:7298: gcc -c -pipe    conftest.c >&5
configure:7298: $? = 0
configure:7298: gcc -c -pipe    conftest.c >&5
conftest.c:66:21: error: expected expression
if (sizeof ((size_t)))
                    ^
1 error generated.
configure:7298: $? = 1
configure: failed program was:
| /* confdefs.h */
| #define PACKAGE_NAME "tk"
| #define PACKAGE_TARNAME "tk"
| #define PACKAGE_VERSION "8.5"
| #define PACKAGE_STRING "tk 8.5"
| #define PACKAGE_BUGREPORT ""
| #define PACKAGE_URL ""
| #define STDC_HEADERS 1
| #define HAVE_SYS_TYPES_H 1
| #define HAVE_SYS_STAT_H 1
| #define HAVE_STDLIB_H 1
| #define HAVE_STRING_H 1
| #define HAVE_MEMORY_H 1
| #define HAVE_STRINGS_H 1
| #define HAVE_INTTYPES_H 1
| #define HAVE_STDINT_H 1
| #define HAVE_UNISTD_H 1
| #define HAVE_LIMITS_H 1
| #define STATIC_BUILD 1
| #define MODULE_SCOPE extern __attribute__((__visibility__("hidden")))
| #define MAC_OSX_TCL 1
| #define HAVE_COREFOUNDATION 1
| #define TCL_SHLIB_EXT ".dylib"
| #define TCL_CFG_OPTIMIZED 1
| #define TCL_CFG_DEBUG 1
| #define TCL_WIDE_INT_IS_LONG 1
| #define HAVE_SYS_TIME_H 1
| #define TIME_WITH_SYS_TIME 1
| /* end confdefs.h.  */
| #include <stdio.h>
| #ifdef HAVE_SYS_TYPES_H
| # include <sys/types.h>
| #endif
| #ifdef HAVE_SYS_STAT_H
| # include <sys/stat.h>
| #endif
| #ifdef STDC_HEADERS
| # include <stdlib.h>
| # include <stddef.h>
| #else
| # ifdef HAVE_STDLIB_H
| #  include <stdlib.h>
| # endif
| #endif
| #ifdef HAVE_STRING_H
| # if !defined STDC_HEADERS && defined HAVE_MEMORY_H
| #  include <memory.h>
| # endif
| # include <string.h>
| #endif
| #ifdef HAVE_STRINGS_H
| # include <strings.h>
| #endif
| #ifdef HAVE_INTTYPES_H
| # include <inttypes.h>
| #endif
| #ifdef HAVE_STDINT_H
| # include <stdint.h>
| #endif
| #ifdef HAVE_UNISTD_H
| # include <unistd.h>
| #endif
| int
| main ()
| {
| if (sizeof ((size_t)))
| 	    return 0;
|   ;
|   return 0;
| }
configure:7298: result: yes
configure:7309: checking for uid_t in sys/types.h
configure:7328: result: yes
configure:7340: checking for intptr_t
configure:7340: gcc -c -pipe    conftest.c >&5
configure:7340: $? = 0
configure:7340: gcc -c -pipe    conftest.c >&5
conftest.c:66:23: error: expected expression
if (sizeof ((intptr_t)))
                      ^
1 error generated.
configure:7340: $? = 1
configure: failed program was:
| /* confdefs.h */
| #define PACKAGE_NAME "tk"
| #define PACKAGE_TARNAME "tk"
| #define PACKAGE_VERSION "8.5"
| #define PACKAGE_STRING "tk 8.5"
| #define PACKAGE_BUGREPORT ""
| #define PACKAGE_URL ""
| #define STDC_HEADERS 1
| #define HAVE_SYS_TYPES_H 1
| #define HAVE_SYS_STAT_H 1
| #define HAVE_STDLIB_H 1
| #define HAVE_STRING_H 1
| #define HAVE_MEMORY_H 1
| #define HAVE_STRINGS_H 1
| #define HAVE_INTTYPES_H 1
| #define HAVE_STDINT_H 1
| #define HAVE_UNISTD_H 1
| #define HAVE_LIMITS_H 1
| #define STATIC_BUILD 1
| #define MODULE_SCOPE extern __attribute__((__visibility__("hidden")))
| #define MAC_OSX_TCL 1
| #define HAVE_COREFOUNDATION 1
| #define TCL_SHLIB_EXT ".dylib"
| #define TCL_CFG_OPTIMIZED 1
| #define TCL_CFG_DEBUG 1
| #define TCL_WIDE_INT_IS_LONG 1
| #define HAVE_SYS_TIME_H 1
| #define TIME_WITH_SYS_TIME 1
| /* end confdefs.h.  */
| #include <stdio.h>
| #ifdef HAVE_SYS_TYPES_H
| # include <sys/types.h>
| #endif
| #ifdef HAVE_SYS_STAT_H
| # include <sys/stat.h>
| #endif
| #ifdef STDC_HEADERS
| # include <stdlib.h>
| # include <stddef.h>
| #else
| # ifdef HAVE_STDLIB_H
| #  include <stdlib.h>
| # endif
| #endif
| #ifdef HAVE_STRING_H
| # if !defined STDC_HEADERS && defined HAVE_MEMORY_H
| #  include <memory.h>
| # endif
| # include <string.h>
| #endif
| #ifdef HAVE_STRINGS_H
| # include <strings.h>
| #endif
| #ifdef HAVE_INTTYPES_H
| # include <inttypes.h>
| #endif
| #ifdef HAVE_STDINT_H
| # include <stdint.h>
| #endif
| #ifdef HAVE_UNISTD_H
| # include <unistd.h>
| #endif
| int
| main ()
| {
| if (sizeof ((intptr_t)))
| 	    return 0;
|   ;
|   return 0;
| }
configure:7340: result: yes
configure:7391: checking for uintptr_t
configure:7391: gcc -c -pipe    conftest.c >&5
configure:7391: $? = 0
configure:7391: gcc -c -pipe    conftest.c >&5
conftest.c:67:24: error: expected expression
if (sizeof ((uintptr_t)))
                       ^
1 error generated.
configure:7391: $? = 1
configure: failed program was:
| /* confdefs.h */
| #define PACKAGE_NAME "tk"
| #define PACKAGE_TARNAME "tk"
| #define PACKAGE_VERSION "8.5"
| #define PACKAGE_STRING "tk 8.5"
| #define PACKAGE_BUGREPORT ""
| #define PACKAGE_URL ""
| #define STDC_HEADERS 1
| #define HAVE_SYS_TYPES_H 1
| #define HAVE_SYS_STAT_H 1
| #define HAVE_STDLIB_H 1
| #define HAVE_STRING_H 1
| #define HAVE_MEMORY_H 1
| #define HAVE_STRINGS_H 1
| #define HAVE_INTTYPES_H 1
| #define HAVE_STDINT_H 1
| #define HAVE_UNISTD_H 1
| #define HAVE_LIMITS_H 1
| #define STATIC_BUILD 1
| #define MODULE_SCOPE extern __attribute__((__visibility__("hidden")))
| #define MAC_OSX_TCL 1
| #define HAVE_COREFOUNDATION 1
| #define TCL_SHLIB_EXT ".dylib"
| #define TCL_CFG_OPTIMIZED 1
| #define TCL_CFG_DEBUG 1
| #define TCL_WIDE_INT_IS_LONG 1
| #define HAVE_SYS_TIME_H 1
| #define TIME_WITH_SYS_TIME 1
| #define HAVE_INTPTR_T 1
| /* end confdefs.h.  */
| #include <stdio.h>
| #ifdef HAVE_SYS_TYPES_H
| # include <sys/types.h>
| #endif
| #ifdef HAVE_SYS_STAT_H
| # include <sys/stat.h>
| #endif
| #ifdef STDC_HEADERS
| # include <stdlib.h>
| # include <stddef.h>
| #else
| # ifdef HAVE_STDLIB_H
| #  include <stdlib.h>
| # endif
| #endif
| #ifdef HAVE_STRING_H
| # if !defined STDC_HEADERS && defined HAVE_MEMORY_H
| #  include <memory.h>
| # endif
| # include <string.h>
| #endif
| #ifdef HAVE_STRINGS_H
| # include <strings.h>
| #endif
| #ifdef HAVE_INTTYPES_H
| # include <inttypes.h>
| #endif
| #ifdef HAVE_STDINT_H
| # include <stdint.h>
| #endif
| #ifdef HAVE_UNISTD_H
| # include <unistd.h>
| #endif
| int
| main ()
| {
| if (sizeof ((uintptr_t)))
| 	    return 0;
|   ;
|   return 0;
| }
configure:7391: result: yes
configure:7448: checking pw_gecos in struct pwd
configure:7465: gcc -c -pipe    conftest.c >&5
conftest.c:36:24: warning: expression result unused [-Wunused-value]
struct passwd pwd; pwd.pw_gecos;
                   ~~~ ^~~~~~~~
1 warning generated.
configure:7465: $? = 0
configure:7472: result: yes
configure:7485: checking whether to use Aqua
configure:7511: result: no
configure:7563: checking if ld accepts -weak-l flag
configure:7582: gcc -o conftest -pipe     -prebind -headerpad_max_install_names -Wl,-search_paths_first  -Wl,-weak-lm conftest.c  -framework CoreFoundation >&5
ld: warning: option -prebind is obsolete and being ignored
configure:7582: $? = 0
configure:7591: result: yes
configure:7596: checking AvailabilityMacros.h usability
configure:7596: gcc -c -pipe    conftest.c >&5
configure:7596: $? = 0
configure:7596: result: yes
configure:7596: checking AvailabilityMacros.h presence
configure:7596: gcc -E   conftest.c
configure:7596: $? = 0
configure:7596: result: yes
configure:7596: checking for AvailabilityMacros.h
configure:7596: result: yes
configure:7607: checking if weak import is available
configure:7634: gcc -o conftest -pipe  -Werror    -prebind -headerpad_max_install_names -Wl,-search_paths_first  conftest.c  -framework CoreFoundation >&5
ld: warning: option -prebind is obsolete and being ignored
configure:7634: $? = 0
configure:7643: result: yes
configure:7650: checking if Darwin SUSv3 extensions are available
configure:7678: gcc -c -pipe  -Werror   conftest.c >&5
configure:7678: $? = 0
configure:7686: result: yes
configure:7721: checking for X
configure:7829: gcc -E   conftest.c
conftest.c:36:10: fatal error: 'X11/Xlib.h' file not found
#include <X11/Xlib.h>
         ^~~~~~~~~~~~
1 error generated.
configure:7829: $? = 1
configure: failed program was:
| /* confdefs.h */
| #define PACKAGE_NAME "tk"
| #define PACKAGE_TARNAME "tk"
| #define PACKAGE_VERSION "8.5"
| #define PACKAGE_STRING "tk 8.5"
| #define PACKAGE_BUGREPORT ""
| #define PACKAGE_URL ""
| #define STDC_HEADERS 1
| #define HAVE_SYS_TYPES_H 1
| #define HAVE_SYS_STAT_H 1
| #define HAVE_STDLIB_H 1
| #define HAVE_STRING_H 1
| #define HAVE_MEMORY_H 1
| #define HAVE_STRINGS_H 1
| #define HAVE_INTTYPES_H 1
| #define HAVE_STDINT_H 1
| #define HAVE_UNISTD_H 1
| #define HAVE_LIMITS_H 1
| #define STATIC_BUILD 1
| #define MODULE_SCOPE extern __attribute__((__visibility__("hidden")))
| #define MAC_OSX_TCL 1
| #define HAVE_COREFOUNDATION 1
| #define TCL_SHLIB_EXT ".dylib"
| #define TCL_CFG_OPTIMIZED 1
| #define TCL_CFG_DEBUG 1
| #define TCL_WIDE_INT_IS_LONG 1
| #define HAVE_SYS_TIME_H 1
| #define TIME_WITH_SYS_TIME 1
| #define HAVE_INTPTR_T 1
| #define HAVE_UINTPTR_T 1
| #define HAVE_PW_GECOS 1
| #define HAVE_AVAILABILITYMACROS_H 1
| #define HAVE_WEAK_IMPORT 1
| #define _DARWIN_C_SOURCE 1
| /* end confdefs.h.  */
| #include <X11/Xlib.h>
configure:7860: gcc -o conftest -pipe     -prebind -headerpad_max_install_names -Wl,-search_paths_first  conftest.c -lX11  -framework CoreFoundation >&5
conftest.c:36:10: fatal error: 'X11/Xlib.h' file not found
#include <X11/Xlib.h>
         ^~~~~~~~~~~~
1 error generated.
configure:7860: $? = 1
configure: failed program was:
| /* confdefs.h */
| #define PACKAGE_NAME "tk"
| #define PACKAGE_TARNAME "tk"
| #define PACKAGE_VERSION "8.5"
| #define PACKAGE_STRING "tk 8.5"
| #define PACKAGE_BUGREPORT ""
| #define PACKAGE_URL ""
| #define STDC_HEADERS 1
| #define HAVE_SYS_TYPES_H 1
| #define HAVE_SYS_STAT_H 1
| #define HAVE_STDLIB_H 1
| #define HAVE_STRING_H 1
| #define HAVE_MEMORY_H 1
| #define HAVE_STRINGS_H 1
| #define HAVE_INTTYPES_H 1
| #define HAVE_STDINT_H 1
| #define HAVE_UNISTD_H 1
| #define HAVE_LIMITS_H 1
| #define STATIC_BUILD 1
| #define MODULE_SCOPE extern __attribute__((__visibility__("hidden")))
| #define MAC_OSX_TCL 1
| #define HAVE_COREFOUNDATION 1
| #define TCL_SHLIB_EXT ".dylib"
| #define TCL_CFG_OPTIMIZED 1
| #define TCL_CFG_DEBUG 1
| #define TCL_WIDE_INT_IS_LONG 1
| #define HAVE_SYS_TIME_H 1
| #define TIME_WITH_SYS_TIME 1
| #define HAVE_INTPTR_T 1
| #define HAVE_UINTPTR_T 1
| #define HAVE_PW_GECOS 1
| #define HAVE_AVAILABILITYMACROS_H 1
| #define HAVE_WEAK_IMPORT 1
| #define _DARWIN_C_SOURCE 1
| /* end confdefs.h.  */
| #include <X11/Xlib.h>
| int
| main ()
| {
| XrmInitialize ()
|   ;
|   return 0;
| }
configure:7910: result: libraries /usr/X11/lib, headers /usr/X11/include
configure:8082: checking for main in -lXbsd
configure:8101: gcc -o conftest -pipe     -prebind -headerpad_max_install_names -Wl,-search_paths_first  conftest.c -lXbsd   -framework CoreFoundation >&5
ld: warning: option -prebind is obsolete and being ignored
ld: library not found for -lXbsd
clang: error: linker command failed with exit code 1 (use -v to see invocation)
configure:8101: $? = 1
configure: failed program was:
| /* confdefs.h */
| #define PACKAGE_NAME "tk"
| #define PACKAGE_TARNAME "tk"
| #define PACKAGE_VERSION "8.5"
| #define PACKAGE_STRING "tk 8.5"
| #define PACKAGE_BUGREPORT ""
| #define PACKAGE_URL ""
| #define STDC_HEADERS 1
| #define HAVE_SYS_TYPES_H 1
| #define HAVE_SYS_STAT_H 1
| #define HAVE_STDLIB_H 1
| #define HAVE_STRING_H 1
| #define HAVE_MEMORY_H 1
| #define HAVE_STRINGS_H 1
| #define HAVE_INTTYPES_H 1
| #define HAVE_STDINT_H 1
| #define HAVE_UNISTD_H 1
| #define HAVE_LIMITS_H 1
| #define STATIC_BUILD 1
| #define MODULE_SCOPE extern __attribute__((__visibility__("hidden")))
| #define MAC_OSX_TCL 1
| #define HAVE_COREFOUNDATION 1
| #define TCL_SHLIB_EXT ".dylib"
| #define TCL_CFG_OPTIMIZED 1
| #define TCL_CFG_DEBUG 1
| #define TCL_WIDE_INT_IS_LONG 1
| #define HAVE_SYS_TIME_H 1
| #define TIME_WITH_SYS_TIME 1
| #define HAVE_INTPTR_T 1
| #define HAVE_UINTPTR_T 1
| #define HAVE_PW_GECOS 1
| #define HAVE_AVAILABILITYMACROS_H 1
| #define HAVE_WEAK_IMPORT 1
| #define _DARWIN_C_SOURCE 1
| /* end confdefs.h.  */
| 
| 
| int
| main ()
| {
| return main ();
|   ;
|   return 0;
| }
configure:8110: result: no
configure:8181: checking whether to try to use XScreenSaver
configure:8191: result: no
configure:8323: checking whether to use xft
configure:8335: result: no
configure:8454: checking whether char is unsigned
configure:8473: gcc -c -pipe    conftest.c >&5
configure:8473: $? = 0
configure:8480: result: no
configure:8522: checking how to package libraries
configure:8552: result: static library
configure:8874: creating ./config.status

## ---------------------- ##
## Running config.status. ##
## ---------------------- ##

This file was extended by tk config.status 8.5, which was
generated by GNU Autoconf 2.69.  Invocation command line was

  CONFIG_FILES    = 
  CONFIG_HEADERS  = 
  CONFIG_LINKS    = 
  CONFIG_COMMANDS = 
  $ ./config.status 

on dhcp130-243-26-15.vl815.kau.se

config.status:831: creating Tk-Info.plist
config.status:831: creating Wish-Info.plist
config.status:831: creating Makefile
config.status:831: creating tkConfig.sh
configure:9903: WARNING: unrecognized options: --enable-gcc

## ---------------- ##
## Cache variables. ##
## ---------------- ##

ac_cv_c_bigendian=no
ac_cv_c_char_unsigned=no
ac_cv_c_compiler_gnu=yes
ac_cv_c_tclconfig=/Users/oljideje/workspace/repos/ns-install-osx/ns-allinone-2.35/tcl8.5.10/unix
ac_cv_env_CC_set=
ac_cv_env_CC_value=
ac_cv_env_CFLAGS_set=
ac_cv_env_CFLAGS_value=
ac_cv_env_CPPFLAGS_set=
ac_cv_env_CPPFLAGS_value=
ac_cv_env_CPP_set=
ac_cv_env_CPP_value=
ac_cv_env_LDFLAGS_set=
ac_cv_env_LDFLAGS_value=
ac_cv_env_LIBS_set=
ac_cv_env_LIBS_value=
ac_cv_env_XMKMF_set=
ac_cv_env_XMKMF_value=
ac_cv_env_build_alias_set=
ac_cv_env_build_alias_value=
ac_cv_env_host_alias_set=
ac_cv_env_host_alias_value=
ac_cv_env_target_alias_set=
ac_cv_env_target_alias_value=
ac_cv_func_strtod=yes
ac_cv_have_x='have_x=yes	ac_x_includes='\''/usr/X11/include'\''	ac_x_libraries='\''/usr/X11/lib'\'''
ac_cv_header_AvailabilityMacros_h=yes
ac_cv_header_inttypes_h=yes
ac_cv_header_limits_h=yes
ac_cv_header_memory_h=yes
ac_cv_header_stdc=yes
ac_cv_header_stdint_h=yes
ac_cv_header_stdlib_h=yes
ac_cv_header_string_h=yes
ac_cv_header_strings_h=yes
ac_cv_header_sys_stat_h=yes
ac_cv_header_sys_time_h=yes
ac_cv_header_sys_types_h=yes
ac_cv_header_time=yes
ac_cv_header_unistd_h=yes
ac_cv_lib_Xbsd_main=no
ac_cv_lib_dl_dlopen=yes
ac_cv_objext=o
ac_cv_path_EGREP='/usr/bin/grep -E'
ac_cv_path_GREP=/usr/bin/grep
ac_cv_path_tclsh=/Users/oljideje/workspace/repos/ns-install-osx/ns-allinone-2.35/bin/tclsh8.5
ac_cv_prog_CPP='gcc -E'
ac_cv_prog_ac_ct_AR=ar
ac_cv_prog_ac_ct_CC=gcc
ac_cv_prog_ac_ct_RANLIB=ranlib
ac_cv_prog_cc_c89=
ac_cv_prog_cc_g=yes
ac_cv_type_intptr_t=yes
ac_cv_type_mode_t=yes
ac_cv_type_pid_t=yes
ac_cv_type_size_t=yes
ac_cv_type_uid_t=yes
ac_cv_type_uintptr_t=yes
tcl_cv_cc_darwin_c_source=yes
tcl_cv_cc_pipe=yes
tcl_cv_cc_visibility_hidden=yes
tcl_cv_cc_weak_import=yes
tcl_cv_flag__isoc99_source=no
tcl_cv_flag__largefile64_source=no
tcl_cv_flag__largefile_source64=no
tcl_cv_ld_search_paths_first=yes
tcl_cv_ld_single_module=yes
tcl_cv_ld_weak_l=yes
tcl_cv_lib_corefoundation=yes
tcl_cv_pwd_pw_gecos=yes
tcl_cv_strtod_buggy=ok
tcl_cv_sys_version=Darwin-18.2.0
tcl_cv_type_64bit=none
tcl_cv_type_fd_set=yes

## ----------------- ##
## Output variables. ##
## ----------------- ##

APP_RSRC_FILE=''
AR='ar'
BUILD_TCLSH='/Users/oljideje/workspace/repos/ns-install-osx/ns-allinone-2.35/tcl8.5.10/unix/tclsh'
CC='gcc'
CC_SEARCH_FLAGS=''
CFBUNDLELOCALIZATIONS='<string>cs</string><string>da</string><string>de</string><string>el</string><string>en</string><string>en_gb</string><string>eo</string><string>es</string><string>fr</string><string>hu</string><string>it</string><string>nl</string><string>pl</string><string>pt</string><string>ru</string><string>sv</string>'
CFLAGS='-pipe   '
CFLAGS_DEBUG='-g'
CFLAGS_DEFAULT='$(CFLAGS_OPTIMIZE)'
CFLAGS_OPTIMIZE='-Os'
CFLAGS_WARNING='-Wall'
CPP='gcc -E'
CPPFLAGS=''
DEFS='-DPACKAGE_NAME=\"tk\" -DPACKAGE_TARNAME=\"tk\" -DPACKAGE_VERSION=\"8.5\" -DPACKAGE_STRING=\"tk\ 8.5\" -DPACKAGE_BUGREPORT=\"\" -DPACKAGE_URL=\"\" -DSTDC_HEADERS=1 -DHAVE_SYS_TYPES_H=1 -DHAVE_SYS_STAT_H=1 -DHAVE_STDLIB_H=1 -DHAVE_STRING_H=1 -DHAVE_MEMORY_H=1 -DHAVE_STRINGS_H=1 -DHAVE_INTTYPES_H=1 -DHAVE_STDINT_H=1 -DHAVE_UNISTD_H=1 -DHAVE_LIMITS_H=1 -DSTATIC_BUILD=1 -DMODULE_SCOPE=extern\ __attribute__\(\(__visibility__\(\"hidden\"\)\)\) -DMAC_OSX_TCL=1 -DHAVE_COREFOUNDATION=1 -DTCL_SHLIB_EXT=\".dylib\" -DTCL_CFG_OPTIMIZED=1 -DTCL_CFG_DEBUG=1 -DTCL_WIDE_INT_IS_LONG=1 -DHAVE_SYS_TIME_H=1 -DTIME_WITH_SYS_TIME=1 -DHAVE_INTPTR_T=1 -DHAVE_UINTPTR_T=1 -DHAVE_PW_GECOS=1 -DHAVE_AVAILABILITYMACROS_H=1 -DHAVE_WEAK_IMPORT=1 -D_DARWIN_C_SOURCE=1'
DL_LIBS=''
DL_OBJS='tclLoadDyld.o'
ECHO_C='\c'
ECHO_N=''
ECHO_T=''
EGREP='/usr/bin/grep -E'
EXEEXT=''
EXTRA_APP_CC_SWITCHES=' -mdynamic-no-pic'
EXTRA_BUILD_HTML=''
EXTRA_CC_SWITCHES=''
EXTRA_INSTALL=''
EXTRA_INSTALL_BINARIES=''
EXTRA_WISH_LIBS='-sectcreate __TEXT __info_plist Wish-Info.plist'
GREP='/usr/bin/grep'
HTML_DIR='$(DISTDIR)/html'
INSTALL_LIB='$(INSTALL_LIBRARY) $(LIB_FILE) "$(LIB_INSTALL_DIR)"/$(LIB_FILE) ; (cd "$(LIB_INSTALL_DIR)" ; $(RANLIB) $(LIB_FILE))'
INSTALL_STUB_LIB='$(INSTALL_LIBRARY) $(STUB_LIB_FILE) "$(LIB_INSTALL_DIR)"/$(STUB_LIB_FILE) ; (cd "$(LIB_INSTALL_DIR)" ; $(RANLIB) $(STUB_LIB_FILE))'
LDAIX_SRC=''
LDFLAGS=' -prebind -headerpad_max_install_names -Wl,-search_paths_first '
LDFLAGS_DEBUG=''
LDFLAGS_DEFAULT='$(LDFLAGS_OPTIMIZE)'
LDFLAGS_OPTIMIZE=''
LD_LIBRARY_PATH_VAR='DYLD_LIBRARY_PATH'
LD_SEARCH_FLAGS=''
LIBOBJS=''
LIBS=' -framework CoreFoundation'
LIB_RSRC_FILE=''
LOCALES='cs da de el en en_gb eo es fr hu it nl pl pt ru sv'
LTLIBOBJS=''
MAKE_LIB='${STLIB_LD} $@ ${OBJS} ; ${RANLIB} $@'
MAKE_STUB_LIB='${STLIB_LD} $@ ${STUB_LIB_OBJS} ; ${RANLIB} $@'
MAN_FLAGS=''
OBJEXT='o'
PACKAGE_BUGREPORT=''
PACKAGE_NAME='tk'
PACKAGE_STRING='tk 8.5'
PACKAGE_TARNAME='tk'
PACKAGE_URL=''
PACKAGE_VERSION='8.5'
PATH_SEPARATOR=':'
PLAT_OBJS='${MAC_OSX_OBJS}'
PLAT_SRCS='${MAC_OSX_SRCS}'
PRIVATE_INCLUDE_DIR='$(includedir)'
RANLIB='ranlib'
REZ=''
REZ_FLAGS=''
SHELL='/bin/sh'
SHLIB_CFLAGS='-fno-common'
SHLIB_LD='${CC} -dynamiclib ${CFLAGS} ${LDFLAGS} -Wl,-single_module'
SHLIB_LD_LIBS='${LIBS}'
SHLIB_SUFFIX='.dylib'
STLIB_LD='${AR} cr'
TCLSH_PROG='/Users/oljideje/workspace/repos/ns-install-osx/ns-allinone-2.35/bin/tclsh8.5'
TCL_BIN_DIR='/Users/oljideje/workspace/repos/ns-install-osx/ns-allinone-2.35/tcl8.5.10/unix'
TCL_LIBS='  -framework CoreFoundation '
TCL_LIB_FILE='libtcl8.5.a'
TCL_LIB_FLAG='-ltcl8.5'
TCL_LIB_SPEC='-L/Users/oljideje/workspace/repos/ns-install-osx/ns-allinone-2.35/tcl8.5.10/unix -ltcl8.5'
TCL_PATCH_LEVEL='.10'
TCL_SHLIB_LD_EXTRAS=''
TCL_SRC_DIR='/Users/oljideje/workspace/repos/ns-install-osx/ns-allinone-2.35/tcl8.5.10'
TCL_STUB_FLAGS=''
TCL_STUB_LIB_FILE='libtclstub8.5.a'
TCL_STUB_LIB_FLAG='-ltclstub8.5'
TCL_STUB_LIB_SPEC='-L/Users/oljideje/workspace/repos/ns-install-osx/ns-allinone-2.35/tcl8.5.10/unix -ltclstub8.5'
TCL_THREADS='0'
TCL_VERSION='8.5'
TK_BUILD_LIB_SPEC='-L/Users/oljideje/workspace/repos/ns-install-osx/ns-allinone-2.35/tk8.5.10/unix -ltk8.5'
TK_BUILD_STUB_LIB_PATH='/Users/oljideje/workspace/repos/ns-install-osx/ns-allinone-2.35/tk8.5.10/unix/libtkstub8.5.a'
TK_BUILD_STUB_LIB_SPEC='-L/Users/oljideje/workspace/repos/ns-install-osx/ns-allinone-2.35/tk8.5.10/unix -ltkstub8.5'
TK_INCLUDE_SPEC='-I/Users/oljideje/workspace/repos/ns-install-osx/ns-allinone-2.35/include'
TK_LIBRARY='$(prefix)/lib/tk$(VERSION)'
TK_LIB_FILE='libtk8.5.a'
TK_LIB_FLAG='-ltk8.5'
TK_LIB_SPEC='-L/Users/oljideje/workspace/repos/ns-install-osx/ns-allinone-2.35/lib -ltk8.5'
TK_MAJOR_VERSION='8'
TK_MINOR_VERSION='5'
TK_PATCH_LEVEL='.10'
TK_PKG_DIR='tk$(VERSION)'
TK_RSRC_FILE='tk$(VERSION).rsrc'
TK_SHARED_BUILD='0'
TK_SHLIB_LD_EXTRAS='-compatibility_version 8.5 -current_version 8.5.10 -install_name "${DYLIB_INSTALL_DIR}"/${TK_LIB_FILE} -unexported_symbols_list $$(f=$(TCL_STUB_LIB_FILE).E && nm -gjp "$(TCL_BIN_DIR)"/$(TCL_STUB_LIB_FILE) | grep ^_[^_] > $$f && echo $$f) -seg1addr 0xb000000 -sectcreate __TEXT __info_plist Tk-Info.plist'
TK_SRC_DIR='/Users/oljideje/workspace/repos/ns-install-osx/ns-allinone-2.35/tk8.5.10'
TK_STUB_LIB_FILE='libtkstub8.5.a'
TK_STUB_LIB_FLAG='-ltkstub8.5'
TK_STUB_LIB_PATH='/Users/oljideje/workspace/repos/ns-install-osx/ns-allinone-2.35/lib/libtkstub8.5.a'
TK_STUB_LIB_SPEC='-L/Users/oljideje/workspace/repos/ns-install-osx/ns-allinone-2.35/lib -ltkstub8.5'
TK_VERSION='8.5'
TK_WINDOWINGSYSTEM='X11'
TK_YEAR='2018'
UNIX_FONT_OBJS='tkUnixFont.o'
WISH_RSRC_FILE='wish$(VERSION).rsrc'
XFT_CFLAGS=''
XFT_LIBS=''
XINCLUDES='-I/usr/X11/include'
XLIBSW='-L/usr/X11/lib -lX11'
XMKMF=''
ac_ct_CC='gcc'
bindir='${exec_prefix}/bin'
build_alias=''
datadir='${datarootdir}'
datarootdir='${prefix}/share'
docdir='${datarootdir}/doc/${PACKAGE_TARNAME}'
dvidir='${docdir}'
exec_prefix='/Users/oljideje/workspace/repos/ns-install-osx/ns-allinone-2.35'
host_alias=''
htmldir='${docdir}'
includedir='${prefix}/include'
infodir='${datarootdir}/info'
libdir='/Users/oljideje/workspace/repos/ns-install-osx/ns-allinone-2.35/lib'
libexecdir='${exec_prefix}/libexec'
localedir='${datarootdir}/locale'
localstatedir='${prefix}/var'
mandir='${datarootdir}/man'
oldincludedir='/usr/include'
pdfdir='${docdir}'
prefix='/Users/oljideje/workspace/repos/ns-install-osx/ns-allinone-2.35'
program_transform_name='s,x,x,'
psdir='${docdir}'
sbindir='${exec_prefix}/sbin'
sharedstatedir='${prefix}/com'
sysconfdir='${prefix}/etc'
target_alias=''

## ----------- ##
## confdefs.h. ##
## ----------- ##

/* confdefs.h */
#define PACKAGE_NAME "tk"
#define PACKAGE_TARNAME "tk"
#define PACKAGE_VERSION "8.5"
#define PACKAGE_STRING "tk 8.5"
#define PACKAGE_BUGREPORT ""
#define PACKAGE_URL ""
#define STDC_HEADERS 1
#define HAVE_SYS_TYPES_H 1
#define HAVE_SYS_STAT_H 1
#define HAVE_STDLIB_H 1
#define HAVE_STRING_H 1
#define HAVE_MEMORY_H 1
#define HAVE_STRINGS_H 1
#define HAVE_INTTYPES_H 1
#define HAVE_STDINT_H 1
#define HAVE_UNISTD_H 1
#define HAVE_LIMITS_H 1
#define STATIC_BUILD 1
#define MODULE_SCOPE extern __attribute__((__visibility__("hidden")))
#define MAC_OSX_TCL 1
#define HAVE_COREFOUNDATION 1
#define TCL_SHLIB_EXT ".dylib"
#define TCL_CFG_OPTIMIZED 1
#define TCL_CFG_DEBUG 1
#define TCL_WIDE_INT_IS_LONG 1
#define HAVE_SYS_TIME_H 1
#define TIME_WITH_SYS_TIME 1
#define HAVE_INTPTR_T 1
#define HAVE_UINTPTR_T 1
#define HAVE_PW_GECOS 1
#define HAVE_AVAILABILITYMACROS_H 1
#define HAVE_WEAK_IMPORT 1
#define _DARWIN_C_SOURCE 1

configure: exit 0
