This file contains any messages produced by compilers while
running configure, to aid debugging if configure makes a mistake.

It was created by tcl configure 8.5, which was
generated by GNU Autoconf 2.69.  Invocation command line was

  $ ./configure --enable-gcc --disable-shared --prefix=/Users/oljideje/workspace/repos/ns-install-osx/ns-allinone-2.35

## --------- ##
## Platform. ##
## --------- ##

hostname = dhcp130-243-26-15.vl815.kau.se
uname -m = x86_64
uname -r = 18.2.0
uname -s = Darwin
uname -v = Darwin Kernel Version 18.2.0: Fri Oct  5 19:41:49 PDT 2018; root:xnu-4903.221.2~2/RELEASE_X86_64

/usr/bin/uname -p = i386
/bin/uname -X     = unknown

/bin/arch              = unknown
/usr/bin/arch -k       = unknown
/usr/convex/getsysinfo = unknown
/usr/bin/hostinfo      = Mach kernel version:
	 Darwin Kernel Version 18.2.0: Fri Oct  5 19:41:49 PDT 2018; root:xnu-4903.221.2~2/RELEASE_X86_64
Kernel configured for up to 4 processors.
2 processors are physically available.
4 processors are logically available.
Processor type: x86_64h (Intel x86-64h Haswell)
Processors active: 0 1 2 3
Primary memory available: 8.00 gigabytes
Default processor set: 379 tasks, 1216 threads, 4 processors
Load average: 1.80, Mach factor: 2.19
/bin/machine           = unknown
/usr/bin/oslevel       = unknown
/bin/universe          = unknown

PATH: /Users/oljideje/workspace/repos/ns-install-osx/ns-allinone-2.35/bin
PATH: /usr/local/bin
PATH: /usr/local/bin
PATH: /usr/bin
PATH: /bin
PATH: /usr/sbin
PATH: /sbin
PATH: /Library/TeX/texbin
PATH: /opt/X11/bin
PATH: /Applications/Wireshark.app/Contents/MacOS
PATH: /Users/oljideje/workspace/repos/ns-install-osx/ns-allinone-2.35/ns-2.35
PATH: /Users/oljideje/workspace/repos/ns-install-osx/ns-allinone-2.35/nam-1.15
PATH: /Users/oljideje/workspace/repos/ns-install-osx/ns-allinone-2.35/ns-2.35
PATH: /Users/oljideje/workspace/repos/ns-install-osx/ns-allinone-2.35/nam-1.15
PATH: /Users/oljideje/workspace/repos/ns-install-osx/ns-allinone-2.35/ns-2.35
PATH: /Users/oljideje/workspace/repos/ns-install-osx/ns-allinone-2.35/nam-1.15
PATH: /Users/oljideje/workspace/repos/ns-install-osx/ns-allinone-2.35/ns-2.35
PATH: /Users/oljideje/workspace/repos/ns-install-osx/ns-allinone-2.35/nam-1.15


## ----------- ##
## Core tests. ##
## ----------- ##

configure:2343: checking whether to use symlinks for manpages
configure:2352: result: no
configure:2355: checking whether to compress the manpages
configure:2368: result: no
configure:2382: checking whether to add a package name suffix for the manpages
configure:2395: result: no
configure:2459: checking for gcc
configure:2475: found /usr/bin/gcc
configure:2486: result: gcc
configure:2715: checking for C compiler version
configure:2724: gcc --version >&5
Apple LLVM version 10.0.0 (clang-1000.11.45.5)
Target: x86_64-apple-darwin18.2.0
Thread model: posix
InstalledDir: /Applications/Xcode.app/Contents/Developer/Toolchains/XcodeDefault.xctoolchain/usr/bin
Configured with: --prefix=/Applications/Xcode.app/Contents/Developer/usr --with-gxx-include-dir=/Applications/Xcode.app/Contents/Developer/Platforms/MacOSX.platform/Developer/SDKs/MacOSX10.14.sdk/usr/include/c++/4.2.1
configure:2735: $? = 0
configure:2724: gcc -v >&5
Configured with: --prefix=/Applications/Xcode.app/Contents/Developer/usr --with-gxx-include-dir=/Applications/Xcode.app/Contents/Developer/Platforms/MacOSX.platform/Developer/SDKs/MacOSX10.14.sdk/usr/include/c++/4.2.1
Apple LLVM version 10.0.0 (clang-1000.11.45.5)
Target: x86_64-apple-darwin18.2.0
Thread model: posix
InstalledDir: /Applications/Xcode.app/Contents/Developer/Toolchains/XcodeDefault.xctoolchain/usr/bin
configure:2735: $? = 0
configure:2724: gcc -V >&5
clang: error: argument to '-V' is missing (expected 1 value)
clang: error: no input files
configure:2735: $? = 1
configure:2724: gcc -qversion >&5
clang: error: unknown argument: '-qversion'
clang: error: no input files
configure:2735: $? = 1
configure:2755: checking whether the C compiler works
configure:2777: gcc    conftest.c  >&5
configure:2781: $? = 0
configure:2829: result: yes
configure:2832: checking for C compiler default output file name
configure:2834: result: a.out
configure:2840: checking for suffix of executables
configure:2847: gcc -o conftest    conftest.c  >&5
configure:2851: $? = 0
configure:2873: result: 
configure:2895: checking whether we are cross compiling
configure:2903: gcc -o conftest    conftest.c  >&5
configure:2907: $? = 0
configure:2914: ./conftest
configure:2918: $? = 0
configure:2933: result: no
configure:2938: checking for suffix of object files
configure:2960: gcc -c   conftest.c >&5
configure:2964: $? = 0
configure:2985: result: o
configure:2989: checking whether we are using the GNU C compiler
configure:3008: gcc -c   conftest.c >&5
configure:3008: $? = 0
configure:3017: result: yes
configure:3026: checking whether gcc accepts -g
configure:3046: gcc -c -g  conftest.c >&5
configure:3046: $? = 0
configure:3087: result: yes
configure:3104: checking for gcc option to accept ISO C89
configure:3167: gcc  -c   conftest.c >&5
configure:3167: $? = 0
configure:3180: result: none needed
configure:3201: checking for inline
configure:3217: gcc -c   conftest.c >&5
configure:3217: $? = 0
configure:3225: result: inline
configure:3258: checking how to run the C preprocessor
configure:3289: gcc -E  conftest.c
configure:3289: $? = 0
configure:3303: gcc -E  conftest.c
conftest.c:9:10: fatal error: 'ac_nonexistent.h' file not found
#include <ac_nonexistent.h>
         ^~~~~~~~~~~~~~~~~~
1 error generated.
configure:3303: $? = 1
configure: failed program was:
| /* confdefs.h */
| #define PACKAGE_NAME "tcl"
| #define PACKAGE_TARNAME "tcl"
| #define PACKAGE_VERSION "8.5"
| #define PACKAGE_STRING "tcl 8.5"
| #define PACKAGE_BUGREPORT ""
| #define PACKAGE_URL ""
| /* end confdefs.h.  */
| #include <ac_nonexistent.h>
configure:3328: result: gcc -E
configure:3348: gcc -E  conftest.c
configure:3348: $? = 0
configure:3362: gcc -E  conftest.c
conftest.c:9:10: fatal error: 'ac_nonexistent.h' file not found
#include <ac_nonexistent.h>
         ^~~~~~~~~~~~~~~~~~
1 error generated.
configure:3362: $? = 1
configure: failed program was:
| /* confdefs.h */
| #define PACKAGE_NAME "tcl"
| #define PACKAGE_TARNAME "tcl"
| #define PACKAGE_VERSION "8.5"
| #define PACKAGE_STRING "tcl 8.5"
| #define PACKAGE_BUGREPORT ""
| #define PACKAGE_URL ""
| /* end confdefs.h.  */
| #include <ac_nonexistent.h>
configure:3391: checking for grep that handles long lines and -e
configure:3449: result: /usr/bin/grep
configure:3454: checking for egrep
configure:3516: result: /usr/bin/grep -E
configure:3521: checking for ANSI C header files
configure:3541: gcc -c   conftest.c >&5
configure:3541: $? = 0
configure:3614: gcc -o conftest    conftest.c  >&5
configure:3614: $? = 0
configure:3614: ./conftest
configure:3614: $? = 0
configure:3625: result: yes
configure:3638: checking for sys/types.h
configure:3638: gcc -c   conftest.c >&5
configure:3638: $? = 0
configure:3638: result: yes
configure:3638: checking for sys/stat.h
configure:3638: gcc -c   conftest.c >&5
configure:3638: $? = 0
configure:3638: result: yes
configure:3638: checking for stdlib.h
configure:3638: gcc -c   conftest.c >&5
configure:3638: $? = 0
configure:3638: result: yes
configure:3638: checking for string.h
configure:3638: gcc -c   conftest.c >&5
configure:3638: $? = 0
configure:3638: result: yes
configure:3638: checking for memory.h
configure:3638: gcc -c   conftest.c >&5
configure:3638: $? = 0
configure:3638: result: yes
configure:3638: checking for strings.h
configure:3638: gcc -c   conftest.c >&5
configure:3638: $? = 0
configure:3638: result: yes
configure:3638: checking for inttypes.h
configure:3638: gcc -c   conftest.c >&5
configure:3638: $? = 0
configure:3638: result: yes
configure:3638: checking for stdint.h
configure:3638: gcc -c   conftest.c >&5
configure:3638: $? = 0
configure:3638: result: yes
configure:3638: checking for unistd.h
configure:3638: gcc -c   conftest.c >&5
configure:3638: $? = 0
configure:3638: result: yes
configure:3651: checking dirent.h
configure:3687: gcc -o conftest    conftest.c  >&5
configure:3687: $? = 0
configure:3695: result: yes
configure:3704: checking float.h usability
configure:3704: gcc -c   conftest.c >&5
configure:3704: $? = 0
configure:3704: result: yes
configure:3704: checking float.h presence
configure:3704: gcc -E  conftest.c
configure:3704: $? = 0
configure:3704: result: yes
configure:3704: checking for float.h
configure:3704: result: yes
configure:3714: checking values.h usability
configure:3714: gcc -c   conftest.c >&5
conftest.c:52:10: fatal error: 'values.h' file not found
#include <values.h>
         ^~~~~~~~~~
1 error generated.
configure:3714: $? = 1
configure: failed program was:
| /* confdefs.h */
| #define PACKAGE_NAME "tcl"
| #define PACKAGE_TARNAME "tcl"
| #define PACKAGE_VERSION "8.5"
| #define PACKAGE_STRING "tcl 8.5"
| #define PACKAGE_BUGREPORT ""
| #define PACKAGE_URL ""
| #define STDC_HEADERS 1
| #define HAVE_SYS_TYPES_H 1
| #define HAVE_SYS_STAT_H 1
| #define HAVE_STDLIB_H 1
| #define HAVE_STRING_H 1
| #define HAVE_MEMORY_H 1
| #define HAVE_STRINGS_H 1
| #define HAVE_INTTYPES_H 1
| #define HAVE_STDINT_H 1
| #define HAVE_UNISTD_H 1
| /* end confdefs.h.  */
| #include <stdio.h>
| #ifdef HAVE_SYS_TYPES_H
| # include <sys/types.h>
| #endif
| #ifdef HAVE_SYS_STAT_H
| # include <sys/stat.h>
| #endif
| #ifdef STDC_HEADERS
| # include <stdlib.h>
| # include <stddef.h>
| #else
| # ifdef HAVE_STDLIB_H
| #  include <stdlib.h>
| # endif
| #endif
| #ifdef HAVE_STRING_H
| # if !defined STDC_HEADERS && defined HAVE_MEMORY_H
| #  include <memory.h>
| # endif
| # include <string.h>
| #endif
| #ifdef HAVE_STRINGS_H
| # include <strings.h>
| #endif
| #ifdef HAVE_INTTYPES_H
| # include <inttypes.h>
| #endif
| #ifdef HAVE_STDINT_H
| # include <stdint.h>
| #endif
| #ifdef HAVE_UNISTD_H
| # include <unistd.h>
| #endif
| #include <values.h>
configure:3714: result: no
configure:3714: checking values.h presence
configure:3714: gcc -E  conftest.c
conftest.c:19:10: fatal error: 'values.h' file not found
#include <values.h>
         ^~~~~~~~~~
1 error generated.
configure:3714: $? = 1
configure: failed program was:
| /* confdefs.h */
| #define PACKAGE_NAME "tcl"
| #define PACKAGE_TARNAME "tcl"
| #define PACKAGE_VERSION "8.5"
| #define PACKAGE_STRING "tcl 8.5"
| #define PACKAGE_BUGREPORT ""
| #define PACKAGE_URL ""
| #define STDC_HEADERS 1
| #define HAVE_SYS_TYPES_H 1
| #define HAVE_SYS_STAT_H 1
| #define HAVE_STDLIB_H 1
| #define HAVE_STRING_H 1
| #define HAVE_MEMORY_H 1
| #define HAVE_STRINGS_H 1
| #define HAVE_INTTYPES_H 1
| #define HAVE_STDINT_H 1
| #define HAVE_UNISTD_H 1
| /* end confdefs.h.  */
| #include <values.h>
configure:3714: result: no
configure:3714: checking for values.h
configure:3714: result: no
configure:3724: checking limits.h usability
configure:3724: gcc -c   conftest.c >&5
configure:3724: $? = 0
configure:3724: result: yes
configure:3724: checking limits.h presence
configure:3724: gcc -E  conftest.c
configure:3724: $? = 0
configure:3724: result: yes
configure:3724: checking for limits.h
configure:3724: result: yes
configure:3736: checking for stdlib.h
configure:3736: result: yes
configure:3788: checking for string.h
configure:3788: result: yes
configure:3832: checking sys/wait.h usability
configure:3832: gcc -c   conftest.c >&5
configure:3832: $? = 0
configure:3832: result: yes
configure:3832: checking sys/wait.h presence
configure:3832: gcc -E  conftest.c
configure:3832: $? = 0
configure:3832: result: yes
configure:3832: checking for sys/wait.h
configure:3832: result: yes
configure:3842: checking dlfcn.h usability
configure:3842: gcc -c   conftest.c >&5
configure:3842: $? = 0
configure:3842: result: yes
configure:3842: checking dlfcn.h presence
configure:3842: gcc -E  conftest.c
configure:3842: $? = 0
configure:3842: result: yes
configure:3842: checking for dlfcn.h
configure:3842: result: yes
configure:3856: checking sys/param.h usability
configure:3856: gcc -c   conftest.c >&5
configure:3856: $? = 0
configure:3856: result: yes
configure:3856: checking sys/param.h presence
configure:3856: gcc -E  conftest.c
configure:3856: $? = 0
configure:3856: result: yes
configure:3856: checking for sys/param.h
configure:3856: result: yes
configure:3874: checking if the compiler understands -pipe
configure:3892: gcc -c  -pipe  conftest.c >&5
configure:3892: $? = 0
configure:3900: result: yes
configure:4295: checking for building with threads
configure:4309: result: no (default)
configure:4353: checking for sin
configure:4353: gcc -o conftest  -pipe   conftest.c  >&5
conftest.c:46:6: warning: incompatible redeclaration of library function 'sin' [-Wincompatible-library-redeclaration]
char sin ();
     ^
conftest.c:46:6: note: 'sin' is a builtin with type 'double (double)'
1 warning generated.
configure:4353: $? = 0
configure:4353: result: yes
configure:4360: checking for main in -lieee
configure:4379: gcc -o conftest  -pipe   conftest.c -lieee   >&5
ld: library not found for -lieee
clang: error: linker command failed with exit code 1 (use -v to see invocation)
configure:4379: $? = 1
configure: failed program was:
| /* confdefs.h */
| #define PACKAGE_NAME "tcl"
| #define PACKAGE_TARNAME "tcl"
| #define PACKAGE_VERSION "8.5"
| #define PACKAGE_STRING "tcl 8.5"
| #define PACKAGE_BUGREPORT ""
| #define PACKAGE_URL ""
| #define STDC_HEADERS 1
| #define HAVE_SYS_TYPES_H 1
| #define HAVE_SYS_STAT_H 1
| #define HAVE_STDLIB_H 1
| #define HAVE_STRING_H 1
| #define HAVE_MEMORY_H 1
| #define HAVE_STRINGS_H 1
| #define HAVE_INTTYPES_H 1
| #define HAVE_STDINT_H 1
| #define HAVE_UNISTD_H 1
| #define NO_VALUES_H 1
| #define HAVE_LIMITS_H 1
| #define HAVE_SYS_PARAM_H 1
| #define TCL_CFGVAL_ENCODING "iso8859-1"
| /* end confdefs.h.  */
| 
| 
| int
| main ()
| {
| return main ();
|   ;
|   return 0;
| }
configure:4388: result: no
configure:4400: checking for main in -linet
configure:4419: gcc -o conftest  -pipe   conftest.c -linet   >&5
ld: library not found for -linet
clang: error: linker command failed with exit code 1 (use -v to see invocation)
configure:4419: $? = 1
configure: failed program was:
| /* confdefs.h */
| #define PACKAGE_NAME "tcl"
| #define PACKAGE_TARNAME "tcl"
| #define PACKAGE_VERSION "8.5"
| #define PACKAGE_STRING "tcl 8.5"
| #define PACKAGE_BUGREPORT ""
| #define PACKAGE_URL ""
| #define STDC_HEADERS 1
| #define HAVE_SYS_TYPES_H 1
| #define HAVE_SYS_STAT_H 1
| #define HAVE_STDLIB_H 1
| #define HAVE_STRING_H 1
| #define HAVE_MEMORY_H 1
| #define HAVE_STRINGS_H 1
| #define HAVE_INTTYPES_H 1
| #define HAVE_STDINT_H 1
| #define HAVE_UNISTD_H 1
| #define NO_VALUES_H 1
| #define HAVE_LIMITS_H 1
| #define HAVE_SYS_PARAM_H 1
| #define TCL_CFGVAL_ENCODING "iso8859-1"
| /* end confdefs.h.  */
| 
| 
| int
| main ()
| {
| return main ();
|   ;
|   return 0;
| }
configure:4428: result: no
configure:4434: checking net/errno.h usability
configure:4434: gcc -c  -pipe  conftest.c >&5
conftest.c:56:10: fatal error: 'net/errno.h' file not found
#include <net/errno.h>
         ^~~~~~~~~~~~~
1 error generated.
configure:4434: $? = 1
configure: failed program was:
| /* confdefs.h */
| #define PACKAGE_NAME "tcl"
| #define PACKAGE_TARNAME "tcl"
| #define PACKAGE_VERSION "8.5"
| #define PACKAGE_STRING "tcl 8.5"
| #define PACKAGE_BUGREPORT ""
| #define PACKAGE_URL ""
| #define STDC_HEADERS 1
| #define HAVE_SYS_TYPES_H 1
| #define HAVE_SYS_STAT_H 1
| #define HAVE_STDLIB_H 1
| #define HAVE_STRING_H 1
| #define HAVE_MEMORY_H 1
| #define HAVE_STRINGS_H 1
| #define HAVE_INTTYPES_H 1
| #define HAVE_STDINT_H 1
| #define HAVE_UNISTD_H 1
| #define NO_VALUES_H 1
| #define HAVE_LIMITS_H 1
| #define HAVE_SYS_PARAM_H 1
| #define TCL_CFGVAL_ENCODING "iso8859-1"
| /* end confdefs.h.  */
| #include <stdio.h>
| #ifdef HAVE_SYS_TYPES_H
| # include <sys/types.h>
| #endif
| #ifdef HAVE_SYS_STAT_H
| # include <sys/stat.h>
| #endif
| #ifdef STDC_HEADERS
| # include <stdlib.h>
| # include <stddef.h>
| #else
| # ifdef HAVE_STDLIB_H
| #  include <stdlib.h>
| # endif
| #endif
| #ifdef HAVE_STRING_H
| # if !defined STDC_HEADERS && defined HAVE_MEMORY_H
| #  include <memory.h>
| # endif
| # include <string.h>
| #endif
| #ifdef HAVE_STRINGS_H
| # include <strings.h>
| #endif
| #ifdef HAVE_INTTYPES_H
| # include <inttypes.h>
| #endif
| #ifdef HAVE_STDINT_H
| # include <stdint.h>
| #endif
| #ifdef HAVE_UNISTD_H
| # include <unistd.h>
| #endif
| #include <net/errno.h>
configure:4434: result: no
configure:4434: checking net/errno.h presence
configure:4434: gcc -E  conftest.c
conftest.c:23:10: fatal error: 'net/errno.h' file not found
#include <net/errno.h>
         ^~~~~~~~~~~~~
1 error generated.
configure:4434: $? = 1
configure: failed program was:
| /* confdefs.h */
| #define PACKAGE_NAME "tcl"
| #define PACKAGE_TARNAME "tcl"
| #define PACKAGE_VERSION "8.5"
| #define PACKAGE_STRING "tcl 8.5"
| #define PACKAGE_BUGREPORT ""
| #define PACKAGE_URL ""
| #define STDC_HEADERS 1
| #define HAVE_SYS_TYPES_H 1
| #define HAVE_SYS_STAT_H 1
| #define HAVE_STDLIB_H 1
| #define HAVE_STRING_H 1
| #define HAVE_MEMORY_H 1
| #define HAVE_STRINGS_H 1
| #define HAVE_INTTYPES_H 1
| #define HAVE_STDINT_H 1
| #define HAVE_UNISTD_H 1
| #define NO_VALUES_H 1
| #define HAVE_LIMITS_H 1
| #define HAVE_SYS_PARAM_H 1
| #define TCL_CFGVAL_ENCODING "iso8859-1"
| /* end confdefs.h.  */
| #include <net/errno.h>
configure:4434: result: no
configure:4434: checking for net/errno.h
configure:4434: result: no
configure:4463: checking for connect
configure:4463: gcc -o conftest  -pipe   conftest.c  >&5
configure:4463: $? = 0
configure:4463: result: yes
configure:4531: checking for gethostbyname
configure:4531: gcc -o conftest  -pipe   conftest.c  >&5
configure:4531: $? = 0
configure:4531: result: yes
configure:4583: checking how to build libraries
configure:4605: result: static
configure:4663: checking for ranlib
configure:4679: found /usr/bin/ranlib
configure:4690: result: ranlib
configure:4716: checking if 64bit support is requested
configure:4725: result: no
configure:4730: checking if 64bit Sparc VIS support is requested
configure:4739: result: no
configure:4749: checking if compiler supports visibility "hidden"
configure:4769: gcc -o conftest  -pipe -Werror   conftest.c  >&5
configure:4769: $? = 0
configure:4778: result: yes
configure:4790: checking if rpath support is requested
configure:4799: result: yes
configure:4806: checking system version
configure:4834: result: Darwin-18.2.0
configure:4842: checking for dlopen in -ldl
configure:4867: gcc -o conftest  -pipe   conftest.c -ldl   >&5
configure:4867: $? = 0
configure:4876: result: yes
configure:4958: checking for ar
configure:4974: found /usr/bin/ar
configure:4985: result: ar
configure:5897: checking if ld accepts -single_module flag
configure:5916: gcc -o conftest -pipe     -dynamiclib -Wl,-single_module conftest.c  >&5
configure:5916: $? = 0
configure:5925: result: yes
configure:5942: checking if ld accepts -search_paths_first flag
configure:5961: gcc -o conftest -pipe     -prebind -headerpad_max_install_names -Wl,-search_paths_first conftest.c  >&5
ld: warning: option -prebind is obsolete and being ignored
configure:5961: $? = 0
configure:5970: result: yes
configure:5992: checking whether to use CoreFoundation
configure:6001: result: yes
configure:6005: checking for CoreFoundation.framework
configure:6034: gcc -o conftest -pipe     -prebind -headerpad_max_install_names -Wl,-search_paths_first conftest.c  -framework CoreFoundation >&5
ld: warning: option -prebind is obsolete and being ignored
configure:6034: $? = 0
configure:6049: result: yes
configure:6680: checking for build with symbols
configure:6694: result: no
configure:6752: checking for required early compiler flags
configure:6770: gcc -c -pipe    conftest.c >&5
configure:6770: $? = 0
configure:6817: gcc -c -pipe    conftest.c >&5
conftest.c:36:28: warning: 'stat64' is deprecated: first deprecated in macOS 10.6 [-Wdeprecated-declarations]
struct stat64 buf; int i = stat64("/", &buf);
                           ^
/Applications/Xcode.app/Contents/Developer/Platforms/MacOSX.platform/Developer/SDKs/MacOSX10.14.sdk/usr/include/sys/stat.h:402:5: note: 'stat64' has been explicitly marked deprecated here
int     stat64(const char *, struct stat64 *) __OSX_AVAILABLE_BUT_DEPRECATED(__MAC_10_5,__MAC_10_6,__IPHONE_NA,__IPHONE_NA);
        ^
1 warning generated.
configure:6817: $? = 0
configure:6864: gcc -c -pipe    conftest.c >&5
conftest.c:36:19: error: use of undeclared identifier 'open64'
char *p = (char *)open64;
                  ^
1 error generated.
configure:6864: $? = 1
configure: failed program was:
| /* confdefs.h */
| #define PACKAGE_NAME "tcl"
| #define PACKAGE_TARNAME "tcl"
| #define PACKAGE_VERSION "8.5"
| #define PACKAGE_STRING "tcl 8.5"
| #define PACKAGE_BUGREPORT ""
| #define PACKAGE_URL ""
| #define STDC_HEADERS 1
| #define HAVE_SYS_TYPES_H 1
| #define HAVE_SYS_STAT_H 1
| #define HAVE_STDLIB_H 1
| #define HAVE_STRING_H 1
| #define HAVE_MEMORY_H 1
| #define HAVE_STRINGS_H 1
| #define HAVE_INTTYPES_H 1
| #define HAVE_STDINT_H 1
| #define HAVE_UNISTD_H 1
| #define NO_VALUES_H 1
| #define HAVE_LIMITS_H 1
| #define HAVE_SYS_PARAM_H 1
| #define TCL_CFGVAL_ENCODING "iso8859-1"
| #define STATIC_BUILD 1
| #define MODULE_SCOPE extern __attribute__((__visibility__("hidden")))
| #define MAC_OSX_TCL 1
| #define HAVE_COREFOUNDATION 1
| #define TCL_SHLIB_EXT ".dylib"
| #define TCL_CFG_OPTIMIZED 1
| #define TCL_CFG_DEBUG 1
| #define TCL_TOMMATH 1
| #define MP_PREC 4
| /* end confdefs.h.  */
| #include <sys/stat.h>
| int
| main ()
| {
| char *p = (char *)open64;
|   ;
|   return 0;
| }
configure:6879: gcc -c -pipe    conftest.c >&5
conftest.c:37:19: error: use of undeclared identifier 'open64'
char *p = (char *)open64;
                  ^
1 error generated.
configure:6879: $? = 1
configure: failed program was:
| /* confdefs.h */
| #define PACKAGE_NAME "tcl"
| #define PACKAGE_TARNAME "tcl"
| #define PACKAGE_VERSION "8.5"
| #define PACKAGE_STRING "tcl 8.5"
| #define PACKAGE_BUGREPORT ""
| #define PACKAGE_URL ""
| #define STDC_HEADERS 1
| #define HAVE_SYS_TYPES_H 1
| #define HAVE_SYS_STAT_H 1
| #define HAVE_STDLIB_H 1
| #define HAVE_STRING_H 1
| #define HAVE_MEMORY_H 1
| #define HAVE_STRINGS_H 1
| #define HAVE_INTTYPES_H 1
| #define HAVE_STDINT_H 1
| #define HAVE_UNISTD_H 1
| #define NO_VALUES_H 1
| #define HAVE_LIMITS_H 1
| #define HAVE_SYS_PARAM_H 1
| #define TCL_CFGVAL_ENCODING "iso8859-1"
| #define STATIC_BUILD 1
| #define MODULE_SCOPE extern __attribute__((__visibility__("hidden")))
| #define MAC_OSX_TCL 1
| #define HAVE_COREFOUNDATION 1
| #define TCL_SHLIB_EXT ".dylib"
| #define TCL_CFG_OPTIMIZED 1
| #define TCL_CFG_DEBUG 1
| #define TCL_TOMMATH 1
| #define MP_PREC 4
| /* end confdefs.h.  */
| #define _LARGEFILE_SOURCE64 1
| #include <sys/stat.h>
| int
| main ()
| {
| char *p = (char *)open64;
|   ;
|   return 0;
| }
configure:6897: result: none
configure:6906: checking for 64-bit integer type
configure:6925: gcc -c -pipe    conftest.c >&5
conftest.c:36:1: error: use of undeclared identifier '__int64'
__int64 value = (__int64) 0;
^
1 error generated.
configure:6925: $? = 1
configure: failed program was:
| /* confdefs.h */
| #define PACKAGE_NAME "tcl"
| #define PACKAGE_TARNAME "tcl"
| #define PACKAGE_VERSION "8.5"
| #define PACKAGE_STRING "tcl 8.5"
| #define PACKAGE_BUGREPORT ""
| #define PACKAGE_URL ""
| #define STDC_HEADERS 1
| #define HAVE_SYS_TYPES_H 1
| #define HAVE_SYS_STAT_H 1
| #define HAVE_STDLIB_H 1
| #define HAVE_STRING_H 1
| #define HAVE_MEMORY_H 1
| #define HAVE_STRINGS_H 1
| #define HAVE_INTTYPES_H 1
| #define HAVE_STDINT_H 1
| #define HAVE_UNISTD_H 1
| #define NO_VALUES_H 1
| #define HAVE_LIMITS_H 1
| #define HAVE_SYS_PARAM_H 1
| #define TCL_CFGVAL_ENCODING "iso8859-1"
| #define STATIC_BUILD 1
| #define MODULE_SCOPE extern __attribute__((__visibility__("hidden")))
| #define MAC_OSX_TCL 1
| #define HAVE_COREFOUNDATION 1
| #define TCL_SHLIB_EXT ".dylib"
| #define TCL_CFG_OPTIMIZED 1
| #define TCL_CFG_DEBUG 1
| #define TCL_TOMMATH 1
| #define MP_PREC 4
| /* end confdefs.h.  */
| 
| int
| main ()
| {
| __int64 value = (__int64) 0;
|   ;
|   return 0;
| }
configure:6947: gcc -c -pipe    conftest.c >&5
conftest.c:37:26: error: duplicate case value '1'
            case 1: case (sizeof(long long)==sizeof(long)): ;
                         ^
conftest.c:37:18: note: previous case defined here
            case 1: case (sizeof(long long)==sizeof(long)): ;
                 ^
1 error generated.
configure:6947: $? = 1
configure: failed program was:
| /* confdefs.h */
| #define PACKAGE_NAME "tcl"
| #define PACKAGE_TARNAME "tcl"
| #define PACKAGE_VERSION "8.5"
| #define PACKAGE_STRING "tcl 8.5"
| #define PACKAGE_BUGREPORT ""
| #define PACKAGE_URL ""
| #define STDC_HEADERS 1
| #define HAVE_SYS_TYPES_H 1
| #define HAVE_SYS_STAT_H 1
| #define HAVE_STDLIB_H 1
| #define HAVE_STRING_H 1
| #define HAVE_MEMORY_H 1
| #define HAVE_STRINGS_H 1
| #define HAVE_INTTYPES_H 1
| #define HAVE_STDINT_H 1
| #define HAVE_UNISTD_H 1
| #define NO_VALUES_H 1
| #define HAVE_LIMITS_H 1
| #define HAVE_SYS_PARAM_H 1
| #define TCL_CFGVAL_ENCODING "iso8859-1"
| #define STATIC_BUILD 1
| #define MODULE_SCOPE extern __attribute__((__visibility__("hidden")))
| #define MAC_OSX_TCL 1
| #define HAVE_COREFOUNDATION 1
| #define TCL_SHLIB_EXT ".dylib"
| #define TCL_CFG_OPTIMIZED 1
| #define TCL_CFG_DEBUG 1
| #define TCL_TOMMATH 1
| #define MP_PREC 4
| /* end confdefs.h.  */
| 
| int
| main ()
| {
| switch (0) {
|             case 1: case (sizeof(long long)==sizeof(long)): ;
|         }
|   ;
|   return 0;
| }
configure:6957: result: using long
configure:7093: checking whether byte ordering is bigendian
configure:7108: gcc -c -pipe    conftest.c >&5
configure:7108: $? = 0
configure:7153: gcc -c -pipe    conftest.c >&5
configure:7153: $? = 0
configure:7171: gcc -c -pipe    conftest.c >&5
conftest.c:40:4: error: use of undeclared identifier 'not'
                 not big endian
                 ^
1 error generated.
configure:7171: $? = 1
configure: failed program was:
| /* confdefs.h */
| #define PACKAGE_NAME "tcl"
| #define PACKAGE_TARNAME "tcl"
| #define PACKAGE_VERSION "8.5"
| #define PACKAGE_STRING "tcl 8.5"
| #define PACKAGE_BUGREPORT ""
| #define PACKAGE_URL ""
| #define STDC_HEADERS 1
| #define HAVE_SYS_TYPES_H 1
| #define HAVE_SYS_STAT_H 1
| #define HAVE_STDLIB_H 1
| #define HAVE_STRING_H 1
| #define HAVE_MEMORY_H 1
| #define HAVE_STRINGS_H 1
| #define HAVE_INTTYPES_H 1
| #define HAVE_STDINT_H 1
| #define HAVE_UNISTD_H 1
| #define NO_VALUES_H 1
| #define HAVE_LIMITS_H 1
| #define HAVE_SYS_PARAM_H 1
| #define TCL_CFGVAL_ENCODING "iso8859-1"
| #define STATIC_BUILD 1
| #define MODULE_SCOPE extern __attribute__((__visibility__("hidden")))
| #define MAC_OSX_TCL 1
| #define HAVE_COREFOUNDATION 1
| #define TCL_SHLIB_EXT ".dylib"
| #define TCL_CFG_OPTIMIZED 1
| #define TCL_CFG_DEBUG 1
| #define TCL_TOMMATH 1
| #define MP_PREC 4
| #define TCL_WIDE_INT_IS_LONG 1
| /* end confdefs.h.  */
| #include <sys/types.h>
| 		#include <sys/param.h>
| 
| int
| main ()
| {
| #if BYTE_ORDER != BIG_ENDIAN
| 		 not big endian
| 		#endif
| 
|   ;
|   return 0;
| }
configure:7299: result: no
configure:7326: checking for getcwd
configure:7326: gcc -o conftest -pipe     -prebind -headerpad_max_install_names -Wl,-search_paths_first  conftest.c  -framework CoreFoundation >&5
ld: warning: option -prebind is obsolete and being ignored
configure:7326: $? = 0
configure:7326: result: yes
configure:7342: checking for opendir
configure:7342: gcc -o conftest -pipe     -prebind -headerpad_max_install_names -Wl,-search_paths_first  conftest.c  -framework CoreFoundation >&5
ld: warning: option -prebind is obsolete and being ignored
configure:7342: $? = 0
configure:7342: result: yes
configure:7355: checking for strtol
configure:7355: gcc -o conftest -pipe     -prebind -headerpad_max_install_names -Wl,-search_paths_first  conftest.c  -framework CoreFoundation >&5
ld: warning: option -prebind is obsolete and being ignored
configure:7355: $? = 0
configure:7355: result: yes
configure:7368: checking for waitpid
configure:7368: gcc -o conftest -pipe     -prebind -headerpad_max_install_names -Wl,-search_paths_first  conftest.c  -framework CoreFoundation >&5
ld: warning: option -prebind is obsolete and being ignored
configure:7368: $? = 0
configure:7368: result: yes
configure:7382: checking for strerror
configure:7382: gcc -o conftest -pipe     -prebind -headerpad_max_install_names -Wl,-search_paths_first  conftest.c  -framework CoreFoundation >&5
conftest.c:60:6: warning: incompatible redeclaration of library function 'strerror' [-Wincompatible-library-redeclaration]
char strerror ();
     ^
conftest.c:60:6: note: 'strerror' is a builtin with type 'char *(int)'
1 warning generated.
ld: warning: option -prebind is obsolete and being ignored
configure:7382: $? = 0
configure:7382: result: yes
configure:7391: checking for getwd
configure:7391: gcc -o conftest -pipe     -prebind -headerpad_max_install_names -Wl,-search_paths_first  conftest.c  -framework CoreFoundation >&5
ld: warning: option -prebind is obsolete and being ignored
configure:7391: $? = 0
configure:7391: result: yes
configure:7400: checking for wait3
configure:7400: gcc -o conftest -pipe     -prebind -headerpad_max_install_names -Wl,-search_paths_first  conftest.c  -framework CoreFoundation >&5
ld: warning: option -prebind is obsolete and being ignored
configure:7400: $? = 0
configure:7400: result: yes
configure:7409: checking for uname
configure:7409: gcc -o conftest -pipe     -prebind -headerpad_max_install_names -Wl,-search_paths_first  conftest.c  -framework CoreFoundation >&5
ld: warning: option -prebind is obsolete and being ignored
configure:7409: $? = 0
configure:7409: result: yes
configure:7425: checking for realpath
configure:7425: gcc -o conftest -pipe     -prebind -headerpad_max_install_names -Wl,-search_paths_first  conftest.c  -framework CoreFoundation >&5
ld: warning: option -prebind is obsolete and being ignored
configure:7425: $? = 0
configure:7425: result: yes
configure:7435: checking for getaddrinfo
configure:7435: gcc -o conftest -pipe     -prebind -headerpad_max_install_names -Wl,-search_paths_first  conftest.c  -framework CoreFoundation >&5
ld: warning: option -prebind is obsolete and being ignored
configure:7435: $? = 0
configure:7435: result: yes
configure:7438: checking for working getaddrinfo
configure:7462: gcc -c -pipe    conftest.c >&5
configure:7462: $? = 0
configure:7469: result: yes
configure:8146: checking sys/modem.h usability
configure:8146: gcc -c -pipe    conftest.c >&5
conftest.c:71:10: fatal error: 'sys/modem.h' file not found
#include <sys/modem.h>
         ^~~~~~~~~~~~~
1 error generated.
configure:8146: $? = 1
configure: failed program was:
| /* confdefs.h */
| #define PACKAGE_NAME "tcl"
| #define PACKAGE_TARNAME "tcl"
| #define PACKAGE_VERSION "8.5"
| #define PACKAGE_STRING "tcl 8.5"
| #define PACKAGE_BUGREPORT ""
| #define PACKAGE_URL ""
| #define STDC_HEADERS 1
| #define HAVE_SYS_TYPES_H 1
| #define HAVE_SYS_STAT_H 1
| #define HAVE_STDLIB_H 1
| #define HAVE_STRING_H 1
| #define HAVE_MEMORY_H 1
| #define HAVE_STRINGS_H 1
| #define HAVE_INTTYPES_H 1
| #define HAVE_STDINT_H 1
| #define HAVE_UNISTD_H 1
| #define NO_VALUES_H 1
| #define HAVE_LIMITS_H 1
| #define HAVE_SYS_PARAM_H 1
| #define TCL_CFGVAL_ENCODING "iso8859-1"
| #define STATIC_BUILD 1
| #define MODULE_SCOPE extern __attribute__((__visibility__("hidden")))
| #define MAC_OSX_TCL 1
| #define HAVE_COREFOUNDATION 1
| #define TCL_SHLIB_EXT ".dylib"
| #define TCL_CFG_OPTIMIZED 1
| #define TCL_CFG_DEBUG 1
| #define TCL_TOMMATH 1
| #define MP_PREC 4
| #define TCL_WIDE_INT_IS_LONG 1
| #define HAVE_GETCWD 1
| #define HAVE_OPENDIR 1
| #define HAVE_STRTOL 1
| #define HAVE_WAITPID 1
| #define HAVE_GETADDRINFO 1
| /* end confdefs.h.  */
| #include <stdio.h>
| #ifdef HAVE_SYS_TYPES_H
| # include <sys/types.h>
| #endif
| #ifdef HAVE_SYS_STAT_H
| # include <sys/stat.h>
| #endif
| #ifdef STDC_HEADERS
| # include <stdlib.h>
| # include <stddef.h>
| #else
| # ifdef HAVE_STDLIB_H
| #  include <stdlib.h>
| # endif
| #endif
| #ifdef HAVE_STRING_H
| # if !defined STDC_HEADERS && defined HAVE_MEMORY_H
| #  include <memory.h>
| # endif
| # include <string.h>
| #endif
| #ifdef HAVE_STRINGS_H
| # include <strings.h>
| #endif
| #ifdef HAVE_INTTYPES_H
| # include <inttypes.h>
| #endif
| #ifdef HAVE_STDINT_H
| # include <stdint.h>
| #endif
| #ifdef HAVE_UNISTD_H
| # include <unistd.h>
| #endif
| #include <sys/modem.h>
configure:8146: result: no
configure:8146: checking sys/modem.h presence
configure:8146: gcc -E   conftest.c
conftest.c:38:10: fatal error: 'sys/modem.h' file not found
#include <sys/modem.h>
         ^~~~~~~~~~~~~
1 error generated.
configure:8146: $? = 1
configure: failed program was:
| /* confdefs.h */
| #define PACKAGE_NAME "tcl"
| #define PACKAGE_TARNAME "tcl"
| #define PACKAGE_VERSION "8.5"
| #define PACKAGE_STRING "tcl 8.5"
| #define PACKAGE_BUGREPORT ""
| #define PACKAGE_URL ""
| #define STDC_HEADERS 1
| #define HAVE_SYS_TYPES_H 1
| #define HAVE_SYS_STAT_H 1
| #define HAVE_STDLIB_H 1
| #define HAVE_STRING_H 1
| #define HAVE_MEMORY_H 1
| #define HAVE_STRINGS_H 1
| #define HAVE_INTTYPES_H 1
| #define HAVE_STDINT_H 1
| #define HAVE_UNISTD_H 1
| #define NO_VALUES_H 1
| #define HAVE_LIMITS_H 1
| #define HAVE_SYS_PARAM_H 1
| #define TCL_CFGVAL_ENCODING "iso8859-1"
| #define STATIC_BUILD 1
| #define MODULE_SCOPE extern __attribute__((__visibility__("hidden")))
| #define MAC_OSX_TCL 1
| #define HAVE_COREFOUNDATION 1
| #define TCL_SHLIB_EXT ".dylib"
| #define TCL_CFG_OPTIMIZED 1
| #define TCL_CFG_DEBUG 1
| #define TCL_TOMMATH 1
| #define MP_PREC 4
| #define TCL_WIDE_INT_IS_LONG 1
| #define HAVE_GETCWD 1
| #define HAVE_OPENDIR 1
| #define HAVE_STRTOL 1
| #define HAVE_WAITPID 1
| #define HAVE_GETADDRINFO 1
| /* end confdefs.h.  */
| #include <sys/modem.h>
configure:8146: result: no
configure:8146: checking for sys/modem.h
configure:8146: result: no
configure:8156: checking termios vs. termio vs. sgtty
configure:8180: gcc -o conftest -pipe     -prebind -headerpad_max_install_names -Wl,-search_paths_first  conftest.c  -framework CoreFoundation >&5
ld: warning: option -prebind is obsolete and being ignored
configure:8180: $? = 0
configure:8180: ./conftest
configure:8180: $? = 1
configure: program exited with status 1
configure: failed program was:
| /* confdefs.h */
| #define PACKAGE_NAME "tcl"
| #define PACKAGE_TARNAME "tcl"
| #define PACKAGE_VERSION "8.5"
| #define PACKAGE_STRING "tcl 8.5"
| #define PACKAGE_BUGREPORT ""
| #define PACKAGE_URL ""
| #define STDC_HEADERS 1
| #define HAVE_SYS_TYPES_H 1
| #define HAVE_SYS_STAT_H 1
| #define HAVE_STDLIB_H 1
| #define HAVE_STRING_H 1
| #define HAVE_MEMORY_H 1
| #define HAVE_STRINGS_H 1
| #define HAVE_INTTYPES_H 1
| #define HAVE_STDINT_H 1
| #define HAVE_UNISTD_H 1
| #define NO_VALUES_H 1
| #define HAVE_LIMITS_H 1
| #define HAVE_SYS_PARAM_H 1
| #define TCL_CFGVAL_ENCODING "iso8859-1"
| #define STATIC_BUILD 1
| #define MODULE_SCOPE extern __attribute__((__visibility__("hidden")))
| #define MAC_OSX_TCL 1
| #define HAVE_COREFOUNDATION 1
| #define TCL_SHLIB_EXT ".dylib"
| #define TCL_CFG_OPTIMIZED 1
| #define TCL_CFG_DEBUG 1
| #define TCL_TOMMATH 1
| #define MP_PREC 4
| #define TCL_WIDE_INT_IS_LONG 1
| #define HAVE_GETCWD 1
| #define HAVE_OPENDIR 1
| #define HAVE_STRTOL 1
| #define HAVE_WAITPID 1
| #define HAVE_GETADDRINFO 1
| /* end confdefs.h.  */
| 
| #include <termios.h>
| 
| int main() {
|     struct termios t;
|     if (tcgetattr(0, &t) == 0) {
| 	cfsetospeed(&t, 0);
| 	t.c_cflag |= PARENB | PARODD | CSIZE | CSTOPB;
| 	return 0;
|     }
|     return 1;
| }
configure:8207: gcc -o conftest -pipe     -prebind -headerpad_max_install_names -Wl,-search_paths_first  conftest.c  -framework CoreFoundation >&5
conftest.c:39:10: fatal error: 'termio.h' file not found
#include <termio.h>
         ^~~~~~~~~~
1 error generated.
configure:8207: $? = 1
configure: program exited with status 1
configure: failed program was:
| /* confdefs.h */
| #define PACKAGE_NAME "tcl"
| #define PACKAGE_TARNAME "tcl"
| #define PACKAGE_VERSION "8.5"
| #define PACKAGE_STRING "tcl 8.5"
| #define PACKAGE_BUGREPORT ""
| #define PACKAGE_URL ""
| #define STDC_HEADERS 1
| #define HAVE_SYS_TYPES_H 1
| #define HAVE_SYS_STAT_H 1
| #define HAVE_STDLIB_H 1
| #define HAVE_STRING_H 1
| #define HAVE_MEMORY_H 1
| #define HAVE_STRINGS_H 1
| #define HAVE_INTTYPES_H 1
| #define HAVE_STDINT_H 1
| #define HAVE_UNISTD_H 1
| #define NO_VALUES_H 1
| #define HAVE_LIMITS_H 1
| #define HAVE_SYS_PARAM_H 1
| #define TCL_CFGVAL_ENCODING "iso8859-1"
| #define STATIC_BUILD 1
| #define MODULE_SCOPE extern __attribute__((__visibility__("hidden")))
| #define MAC_OSX_TCL 1
| #define HAVE_COREFOUNDATION 1
| #define TCL_SHLIB_EXT ".dylib"
| #define TCL_CFG_OPTIMIZED 1
| #define TCL_CFG_DEBUG 1
| #define TCL_TOMMATH 1
| #define MP_PREC 4
| #define TCL_WIDE_INT_IS_LONG 1
| #define HAVE_GETCWD 1
| #define HAVE_OPENDIR 1
| #define HAVE_STRTOL 1
| #define HAVE_WAITPID 1
| #define HAVE_GETADDRINFO 1
| /* end confdefs.h.  */
| 
| #include <termio.h>
| 
| int main() {
|     struct termio t;
|     if (ioctl(0, TCGETA, &t) == 0) {
| 	t.c_cflag |= CBAUD | PARENB | PARODD | CSIZE | CSTOPB;
| 	return 0;
|     }
|     return 1;
| }
configure:8236: gcc -o conftest -pipe     -prebind -headerpad_max_install_names -Wl,-search_paths_first  conftest.c  -framework CoreFoundation >&5
ld: warning: option -prebind is obsolete and being ignored
configure:8236: $? = 0
configure:8236: ./conftest
configure:8236: $? = 1
configure: program exited with status 1
configure: failed program was:
| /* confdefs.h */
| #define PACKAGE_NAME "tcl"
| #define PACKAGE_TARNAME "tcl"
| #define PACKAGE_VERSION "8.5"
| #define PACKAGE_STRING "tcl 8.5"
| #define PACKAGE_BUGREPORT ""
| #define PACKAGE_URL ""
| #define STDC_HEADERS 1
| #define HAVE_SYS_TYPES_H 1
| #define HAVE_SYS_STAT_H 1
| #define HAVE_STDLIB_H 1
| #define HAVE_STRING_H 1
| #define HAVE_MEMORY_H 1
| #define HAVE_STRINGS_H 1
| #define HAVE_INTTYPES_H 1
| #define HAVE_STDINT_H 1
| #define HAVE_UNISTD_H 1
| #define NO_VALUES_H 1
| #define HAVE_LIMITS_H 1
| #define HAVE_SYS_PARAM_H 1
| #define TCL_CFGVAL_ENCODING "iso8859-1"
| #define STATIC_BUILD 1
| #define MODULE_SCOPE extern __attribute__((__visibility__("hidden")))
| #define MAC_OSX_TCL 1
| #define HAVE_COREFOUNDATION 1
| #define TCL_SHLIB_EXT ".dylib"
| #define TCL_CFG_OPTIMIZED 1
| #define TCL_CFG_DEBUG 1
| #define TCL_TOMMATH 1
| #define MP_PREC 4
| #define TCL_WIDE_INT_IS_LONG 1
| #define HAVE_GETCWD 1
| #define HAVE_OPENDIR 1
| #define HAVE_STRTOL 1
| #define HAVE_WAITPID 1
| #define HAVE_GETADDRINFO 1
| /* end confdefs.h.  */
| 
| #include <sgtty.h>
| 
| int main() {
|     struct sgttyb t;
|     if (ioctl(0, TIOCGETP, &t) == 0) {
| 	t.sg_ospeed = 0;
| 	t.sg_flags |= ODDP | EVENP | RAW;
| 	return 0;
|     }
|     return 1;
| }
configure:8267: gcc -o conftest -pipe     -prebind -headerpad_max_install_names -Wl,-search_paths_first  conftest.c  -framework CoreFoundation >&5
ld: warning: option -prebind is obsolete and being ignored
configure:8267: $? = 0
configure:8267: ./conftest
configure:8267: $? = 1
configure: program exited with status 1
configure: failed program was:
| /* confdefs.h */
| #define PACKAGE_NAME "tcl"
| #define PACKAGE_TARNAME "tcl"
| #define PACKAGE_VERSION "8.5"
| #define PACKAGE_STRING "tcl 8.5"
| #define PACKAGE_BUGREPORT ""
| #define PACKAGE_URL ""
| #define STDC_HEADERS 1
| #define HAVE_SYS_TYPES_H 1
| #define HAVE_SYS_STAT_H 1
| #define HAVE_STDLIB_H 1
| #define HAVE_STRING_H 1
| #define HAVE_MEMORY_H 1
| #define HAVE_STRINGS_H 1
| #define HAVE_INTTYPES_H 1
| #define HAVE_STDINT_H 1
| #define HAVE_UNISTD_H 1
| #define NO_VALUES_H 1
| #define HAVE_LIMITS_H 1
| #define HAVE_SYS_PARAM_H 1
| #define TCL_CFGVAL_ENCODING "iso8859-1"
| #define STATIC_BUILD 1
| #define MODULE_SCOPE extern __attribute__((__visibility__("hidden")))
| #define MAC_OSX_TCL 1
| #define HAVE_COREFOUNDATION 1
| #define TCL_SHLIB_EXT ".dylib"
| #define TCL_CFG_OPTIMIZED 1
| #define TCL_CFG_DEBUG 1
| #define TCL_TOMMATH 1
| #define MP_PREC 4
| #define TCL_WIDE_INT_IS_LONG 1
| #define HAVE_GETCWD 1
| #define HAVE_OPENDIR 1
| #define HAVE_STRTOL 1
| #define HAVE_WAITPID 1
| #define HAVE_GETADDRINFO 1
| /* end confdefs.h.  */
| 
| #include <termios.h>
| #include <errno.h>
| 
| int main() {
|     struct termios t;
|     if (tcgetattr(0, &t) == 0
| 	|| errno == ENOTTY || errno == ENXIO || errno == EINVAL) {
| 	cfsetospeed(&t, 0);
| 	t.c_cflag |= PARENB | PARODD | CSIZE | CSTOPB;
| 	return 0;
|     }
|     return 1;
| }
configure:8297: gcc -o conftest -pipe     -prebind -headerpad_max_install_names -Wl,-search_paths_first  conftest.c  -framework CoreFoundation >&5
conftest.c:39:10: fatal error: 'termio.h' file not found
#include <termio.h>
         ^~~~~~~~~~
1 error generated.
configure:8297: $? = 1
configure: program exited with status 1
configure: failed program was:
| /* confdefs.h */
| #define PACKAGE_NAME "tcl"
| #define PACKAGE_TARNAME "tcl"
| #define PACKAGE_VERSION "8.5"
| #define PACKAGE_STRING "tcl 8.5"
| #define PACKAGE_BUGREPORT ""
| #define PACKAGE_URL ""
| #define STDC_HEADERS 1
| #define HAVE_SYS_TYPES_H 1
| #define HAVE_SYS_STAT_H 1
| #define HAVE_STDLIB_H 1
| #define HAVE_STRING_H 1
| #define HAVE_MEMORY_H 1
| #define HAVE_STRINGS_H 1
| #define HAVE_INTTYPES_H 1
| #define HAVE_STDINT_H 1
| #define HAVE_UNISTD_H 1
| #define NO_VALUES_H 1
| #define HAVE_LIMITS_H 1
| #define HAVE_SYS_PARAM_H 1
| #define TCL_CFGVAL_ENCODING "iso8859-1"
| #define STATIC_BUILD 1
| #define MODULE_SCOPE extern __attribute__((__visibility__("hidden")))
| #define MAC_OSX_TCL 1
| #define HAVE_COREFOUNDATION 1
| #define TCL_SHLIB_EXT ".dylib"
| #define TCL_CFG_OPTIMIZED 1
| #define TCL_CFG_DEBUG 1
| #define TCL_TOMMATH 1
| #define MP_PREC 4
| #define TCL_WIDE_INT_IS_LONG 1
| #define HAVE_GETCWD 1
| #define HAVE_OPENDIR 1
| #define HAVE_STRTOL 1
| #define HAVE_WAITPID 1
| #define HAVE_GETADDRINFO 1
| /* end confdefs.h.  */
| 
| #include <termio.h>
| #include <errno.h>
| 
| int main() {
|     struct termio t;
|     if (ioctl(0, TCGETA, &t) == 0
| 	|| errno == ENOTTY || errno == ENXIO || errno == EINVAL) {
| 	t.c_cflag |= CBAUD | PARENB | PARODD | CSIZE | CSTOPB;
| 	return 0;
|     }
|     return 1;
|     }
configure:8328: gcc -o conftest -pipe     -prebind -headerpad_max_install_names -Wl,-search_paths_first  conftest.c  -framework CoreFoundation >&5
ld: warning: option -prebind is obsolete and being ignored
configure:8328: $? = 0
configure:8328: ./conftest
configure:8328: $? = 1
configure: program exited with status 1
configure: failed program was:
| /* confdefs.h */
| #define PACKAGE_NAME "tcl"
| #define PACKAGE_TARNAME "tcl"
| #define PACKAGE_VERSION "8.5"
| #define PACKAGE_STRING "tcl 8.5"
| #define PACKAGE_BUGREPORT ""
| #define PACKAGE_URL ""
| #define STDC_HEADERS 1
| #define HAVE_SYS_TYPES_H 1
| #define HAVE_SYS_STAT_H 1
| #define HAVE_STDLIB_H 1
| #define HAVE_STRING_H 1
| #define HAVE_MEMORY_H 1
| #define HAVE_STRINGS_H 1
| #define HAVE_INTTYPES_H 1
| #define HAVE_STDINT_H 1
| #define HAVE_UNISTD_H 1
| #define NO_VALUES_H 1
| #define HAVE_LIMITS_H 1
| #define HAVE_SYS_PARAM_H 1
| #define TCL_CFGVAL_ENCODING "iso8859-1"
| #define STATIC_BUILD 1
| #define MODULE_SCOPE extern __attribute__((__visibility__("hidden")))
| #define MAC_OSX_TCL 1
| #define HAVE_COREFOUNDATION 1
| #define TCL_SHLIB_EXT ".dylib"
| #define TCL_CFG_OPTIMIZED 1
| #define TCL_CFG_DEBUG 1
| #define TCL_TOMMATH 1
| #define MP_PREC 4
| #define TCL_WIDE_INT_IS_LONG 1
| #define HAVE_GETCWD 1
| #define HAVE_OPENDIR 1
| #define HAVE_STRTOL 1
| #define HAVE_WAITPID 1
| #define HAVE_GETADDRINFO 1
| /* end confdefs.h.  */
| 
| #include <sgtty.h>
| #include <errno.h>
| 
| int main() {
|     struct sgttyb t;
|     if (ioctl(0, TIOCGETP, &t) == 0
| 	|| errno == ENOTTY || errno == ENXIO || errno == EINVAL) {
| 	t.sg_ospeed = 0;
| 	t.sg_flags |= ODDP | EVENP | RAW;
| 	return 0;
|     }
|     return 1;
| }
configure:8339: result: none
configure:8364: checking for fd_set in sys/types
configure:8381: gcc -c -pipe    conftest.c >&5
configure:8381: $? = 0
configure:8388: result: yes
configure:8434: checking sys/time.h usability
configure:8434: gcc -c -pipe    conftest.c >&5
configure:8434: $? = 0
configure:8434: result: yes
configure:8434: checking sys/time.h presence
configure:8434: gcc -E   conftest.c
configure:8434: $? = 0
configure:8434: result: yes
configure:8434: checking for sys/time.h
configure:8434: result: yes
configure:8444: checking whether time.h and sys/time.h may both be included
configure:8464: gcc -c -pipe    conftest.c >&5
configure:8464: $? = 0
configure:8471: result: yes
configure:8483: checking for gmtime_r
configure:8483: gcc -o conftest -pipe     -prebind -headerpad_max_install_names -Wl,-search_paths_first  conftest.c  -framework CoreFoundation >&5
ld: warning: option -prebind is obsolete and being ignored
configure:8483: $? = 0
configure:8483: result: yes
configure:8483: checking for localtime_r
configure:8483: gcc -o conftest -pipe     -prebind -headerpad_max_install_names -Wl,-search_paths_first  conftest.c  -framework CoreFoundation >&5
ld: warning: option -prebind is obsolete and being ignored
configure:8483: $? = 0
configure:8483: result: yes
configure:8483: checking for mktime
configure:8483: gcc -o conftest -pipe     -prebind -headerpad_max_install_names -Wl,-search_paths_first  conftest.c  -framework CoreFoundation >&5
ld: warning: option -prebind is obsolete and being ignored
configure:8483: $? = 0
configure:8483: result: yes
configure:8493: checking tm_tzadj in struct tm
configure:8510: gcc -c -pipe    conftest.c >&5
conftest.c:47:18: error: no member named 'tm_tzadj' in 'struct tm'
struct tm tm; tm.tm_tzadj;
              ~~ ^
1 error generated.
configure:8510: $? = 1
configure: failed program was:
| /* confdefs.h */
| #define PACKAGE_NAME "tcl"
| #define PACKAGE_TARNAME "tcl"
| #define PACKAGE_VERSION "8.5"
| #define PACKAGE_STRING "tcl 8.5"
| #define PACKAGE_BUGREPORT ""
| #define PACKAGE_URL ""
| #define STDC_HEADERS 1
| #define HAVE_SYS_TYPES_H 1
| #define HAVE_SYS_STAT_H 1
| #define HAVE_STDLIB_H 1
| #define HAVE_STRING_H 1
| #define HAVE_MEMORY_H 1
| #define HAVE_STRINGS_H 1
| #define HAVE_INTTYPES_H 1
| #define HAVE_STDINT_H 1
| #define HAVE_UNISTD_H 1
| #define NO_VALUES_H 1
| #define HAVE_LIMITS_H 1
| #define HAVE_SYS_PARAM_H 1
| #define TCL_CFGVAL_ENCODING "iso8859-1"
| #define STATIC_BUILD 1
| #define MODULE_SCOPE extern __attribute__((__visibility__("hidden")))
| #define MAC_OSX_TCL 1
| #define HAVE_COREFOUNDATION 1
| #define TCL_SHLIB_EXT ".dylib"
| #define TCL_CFG_OPTIMIZED 1
| #define TCL_CFG_DEBUG 1
| #define TCL_TOMMATH 1
| #define MP_PREC 4
| #define TCL_WIDE_INT_IS_LONG 1
| #define HAVE_GETCWD 1
| #define HAVE_OPENDIR 1
| #define HAVE_STRTOL 1
| #define HAVE_WAITPID 1
| #define HAVE_GETADDRINFO 1
| #define HAVE_SYS_TIME_H 1
| #define TIME_WITH_SYS_TIME 1
| #define HAVE_GMTIME_R 1
| #define HAVE_LOCALTIME_R 1
| #define HAVE_MKTIME 1
| /* end confdefs.h.  */
| #include <time.h>
| int
| main ()
| {
| struct tm tm; tm.tm_tzadj;
|   ;
|   return 0;
| }
configure:8517: result: no
configure:8525: checking tm_gmtoff in struct tm
configure:8542: gcc -c -pipe    conftest.c >&5
conftest.c:47:18: warning: expression result unused [-Wunused-value]
struct tm tm; tm.tm_gmtoff;
              ~~ ^~~~~~~~~
1 warning generated.
configure:8542: $? = 0
configure:8549: result: yes
configure:8561: checking long timezone variable
configure:8580: gcc -c -pipe    conftest.c >&5
conftest.c:50:6: warning: implicitly declaring library function 'exit' with type 'void (int) __attribute__((noreturn))' [-Wimplicit-function-declaration]
            exit (0);
            ^
conftest.c:50:6: note: include the header <stdlib.h> or explicitly provide a declaration for 'exit'
1 warning generated.
configure:8580: $? = 0
configure:8587: result: yes
configure:8639: checking for struct stat.st_blocks
configure:8639: gcc -c -pipe    conftest.c >&5
configure:8639: $? = 0
configure:8639: result: yes
configure:8648: checking for struct stat.st_blksize
configure:8648: gcc -c -pipe    conftest.c >&5
configure:8648: $? = 0
configure:8648: result: yes
configure:8658: checking for blkcnt_t
configure:8658: gcc -c -pipe    conftest.c >&5
configure:8658: $? = 0
configure:8658: gcc -c -pipe    conftest.c >&5
conftest.c:83:23: error: expected expression
if (sizeof ((blkcnt_t)))
                      ^
1 error generated.
configure:8658: $? = 1
configure: failed program was:
| /* confdefs.h */
| #define PACKAGE_NAME "tcl"
| #define PACKAGE_TARNAME "tcl"
| #define PACKAGE_VERSION "8.5"
| #define PACKAGE_STRING "tcl 8.5"
| #define PACKAGE_BUGREPORT ""
| #define PACKAGE_URL ""
| #define STDC_HEADERS 1
| #define HAVE_SYS_TYPES_H 1
| #define HAVE_SYS_STAT_H 1
| #define HAVE_STDLIB_H 1
| #define HAVE_STRING_H 1
| #define HAVE_MEMORY_H 1
| #define HAVE_STRINGS_H 1
| #define HAVE_INTTYPES_H 1
| #define HAVE_STDINT_H 1
| #define HAVE_UNISTD_H 1
| #define NO_VALUES_H 1
| #define HAVE_LIMITS_H 1
| #define HAVE_SYS_PARAM_H 1
| #define TCL_CFGVAL_ENCODING "iso8859-1"
| #define STATIC_BUILD 1
| #define MODULE_SCOPE extern __attribute__((__visibility__("hidden")))
| #define MAC_OSX_TCL 1
| #define HAVE_COREFOUNDATION 1
| #define TCL_SHLIB_EXT ".dylib"
| #define TCL_CFG_OPTIMIZED 1
| #define TCL_CFG_DEBUG 1
| #define TCL_TOMMATH 1
| #define MP_PREC 4
| #define TCL_WIDE_INT_IS_LONG 1
| #define HAVE_GETCWD 1
| #define HAVE_OPENDIR 1
| #define HAVE_STRTOL 1
| #define HAVE_WAITPID 1
| #define HAVE_GETADDRINFO 1
| #define HAVE_SYS_TIME_H 1
| #define TIME_WITH_SYS_TIME 1
| #define HAVE_GMTIME_R 1
| #define HAVE_LOCALTIME_R 1
| #define HAVE_MKTIME 1
| #define HAVE_TM_GMTOFF 1
| #define HAVE_TIMEZONE_VAR 1
| #define HAVE_STRUCT_STAT_ST_BLOCKS 1
| #define HAVE_STRUCT_STAT_ST_BLKSIZE 1
| /* end confdefs.h.  */
| #include <stdio.h>
| #ifdef HAVE_SYS_TYPES_H
| # include <sys/types.h>
| #endif
| #ifdef HAVE_SYS_STAT_H
| # include <sys/stat.h>
| #endif
| #ifdef STDC_HEADERS
| # include <stdlib.h>
| # include <stddef.h>
| #else
| # ifdef HAVE_STDLIB_H
| #  include <stdlib.h>
| # endif
| #endif
| #ifdef HAVE_STRING_H
| # if !defined STDC_HEADERS && defined HAVE_MEMORY_H
| #  include <memory.h>
| # endif
| # include <string.h>
| #endif
| #ifdef HAVE_STRINGS_H
| # include <strings.h>
| #endif
| #ifdef HAVE_INTTYPES_H
| # include <inttypes.h>
| #endif
| #ifdef HAVE_STDINT_H
| # include <stdint.h>
| #endif
| #ifdef HAVE_UNISTD_H
| # include <unistd.h>
| #endif
| int
| main ()
| {
| if (sizeof ((blkcnt_t)))
| 	    return 0;
|   ;
|   return 0;
| }
configure:8658: result: yes
configure:8668: checking for fstatfs
configure:8668: gcc -o conftest -pipe     -prebind -headerpad_max_install_names -Wl,-search_paths_first  conftest.c  -framework CoreFoundation >&5
ld: warning: option -prebind is obsolete and being ignored
configure:8668: $? = 0
configure:8668: result: yes
configure:8683: checking for working memcmp
configure:8726: gcc -o conftest -pipe     -prebind -headerpad_max_install_names -Wl,-search_paths_first  conftest.c  -framework CoreFoundation >&5
ld: warning: option -prebind is obsolete and being ignored
configure:8726: $? = 0
configure:8726: ./conftest
configure:8726: $? = 0
configure:8736: result: yes
configure:8752: checking for memmove
configure:8752: gcc -o conftest -pipe     -prebind -headerpad_max_install_names -Wl,-search_paths_first  conftest.c  -framework CoreFoundation >&5
conftest.c:71:6: warning: incompatible redeclaration of library function 'memmove' [-Wincompatible-library-redeclaration]
char memmove ();
     ^
conftest.c:71:6: note: 'memmove' is a builtin with type 'void *(void *, const void *, unsigned long)'
1 warning generated.
ld: warning: option -prebind is obsolete and being ignored
configure:8752: $? = 0
configure:8752: result: yes
configure:8772: checking for strstr
configure:8772: gcc -o conftest -pipe     -prebind -headerpad_max_install_names -Wl,-search_paths_first  conftest.c  -framework CoreFoundation >&5
conftest.c:71:6: warning: incompatible redeclaration of library function 'strstr' [-Wincompatible-library-redeclaration]
char strstr ();
     ^
conftest.c:71:6: note: 'strstr' is a builtin with type 'char *(const char *, const char *)'
1 warning generated.
ld: warning: option -prebind is obsolete and being ignored
configure:8772: $? = 0
configure:8772: result: yes
configure:8780: checking proper strstr implementation
configure:8795: gcc -o conftest -pipe     -prebind -headerpad_max_install_names -Wl,-search_paths_first  conftest.c  -framework CoreFoundation >&5
conftest.c:49:16: warning: incompatible redeclaration of library function 'strstr' [-Wincompatible-library-redeclaration]
    extern int strstr();
               ^
conftest.c:49:16: note: 'strstr' is a builtin with type 'char *(const char *, const char *)'
conftest.c:50:5: warning: implicitly declaring library function 'exit' with type 'void (int) __attribute__((noreturn))' [-Wimplicit-function-declaration]
    exit(strstr("\0test", "test") ? 1 : 0);
    ^
conftest.c:50:5: note: include the header <stdlib.h> or explicitly provide a declaration for 'exit'
2 warnings generated.
ld: warning: option -prebind is obsolete and being ignored
configure:8795: $? = 0
configure:8795: ./conftest
configure:8795: $? = 0
configure:8805: result: ok
configure:8831: checking for strtoul
configure:8831: gcc -o conftest -pipe     -prebind -headerpad_max_install_names -Wl,-search_paths_first  conftest.c  -framework CoreFoundation >&5
ld: warning: option -prebind is obsolete and being ignored
configure:8831: $? = 0
configure:8831: result: yes
configure:8839: checking proper strtoul implementation
configure:8855: gcc -o conftest -pipe     -prebind -headerpad_max_install_names -Wl,-search_paths_first  conftest.c  -framework CoreFoundation >&5
conftest.c:51:5: warning: implicitly declaring library function 'exit' with type 'void (int) __attribute__((noreturn))' [-Wimplicit-function-declaration]
    exit(strtoul(string,&term,0) != 0 || term != string+1);
    ^
conftest.c:51:5: note: include the header <stdlib.h> or explicitly provide a declaration for 'exit'
1 warning generated.
ld: warning: option -prebind is obsolete and being ignored
configure:8855: $? = 0
configure:8855: ./conftest
configure:8855: $? = 0
configure:8865: result: ok
configure:8890: checking for strtod
configure:8890: gcc -o conftest -pipe     -prebind -headerpad_max_install_names -Wl,-search_paths_first  conftest.c  -framework CoreFoundation >&5
ld: warning: option -prebind is obsolete and being ignored
configure:8890: $? = 0
configure:8890: result: yes
configure:8898: checking proper strtod implementation
configure:8914: gcc -o conftest -pipe     -prebind -headerpad_max_install_names -Wl,-search_paths_first  conftest.c  -framework CoreFoundation >&5
conftest.c:51:5: warning: implicitly declaring library function 'exit' with type 'void (int) __attribute__((noreturn))' [-Wimplicit-function-declaration]
    exit(strtod(string,&term) != 69 || term != string+4);
    ^
conftest.c:51:5: note: include the header <stdlib.h> or explicitly provide a declaration for 'exit'
1 warning generated.
ld: warning: option -prebind is obsolete and being ignored
configure:8914: $? = 0
configure:8914: ./conftest
configure:8914: $? = 0
configure:8924: result: ok
configure:8951: checking for strtod
configure:8951: result: yes
configure:8959: checking for Solaris2.4/Tru64 strtod bugs
configure:8991: gcc -o conftest -pipe     -prebind -headerpad_max_install_names -Wl,-search_paths_first  conftest.c  -framework CoreFoundation >&5
conftest.c:56:4: warning: implicitly declaring library function 'exit' with type 'void (int) __attribute__((noreturn))' [-Wimplicit-function-declaration]
                        exit(1);
                        ^
conftest.c:56:4: note: include the header <stdlib.h> or explicitly provide a declaration for 'exit'
1 warning generated.
ld: warning: option -prebind is obsolete and being ignored
configure:8991: $? = 0
configure:8991: ./conftest
configure:8991: $? = 0
configure:9001: result: ok
configure:9023: checking for mode_t
configure:9023: gcc -c -pipe    conftest.c >&5
configure:9023: $? = 0
configure:9023: gcc -c -pipe    conftest.c >&5
conftest.c:84:21: error: expected expression
if (sizeof ((mode_t)))
                    ^
1 error generated.
configure:9023: $? = 1
configure: failed program was:
| /* confdefs.h */
| #define PACKAGE_NAME "tcl"
| #define PACKAGE_TARNAME "tcl"
| #define PACKAGE_VERSION "8.5"
| #define PACKAGE_STRING "tcl 8.5"
| #define PACKAGE_BUGREPORT ""
| #define PACKAGE_URL ""
| #define STDC_HEADERS 1
| #define HAVE_SYS_TYPES_H 1
| #define HAVE_SYS_STAT_H 1
| #define HAVE_STDLIB_H 1
| #define HAVE_STRING_H 1
| #define HAVE_MEMORY_H 1
| #define HAVE_STRINGS_H 1
| #define HAVE_INTTYPES_H 1
| #define HAVE_STDINT_H 1
| #define HAVE_UNISTD_H 1
| #define NO_VALUES_H 1
| #define HAVE_LIMITS_H 1
| #define HAVE_SYS_PARAM_H 1
| #define TCL_CFGVAL_ENCODING "iso8859-1"
| #define STATIC_BUILD 1
| #define MODULE_SCOPE extern __attribute__((__visibility__("hidden")))
| #define MAC_OSX_TCL 1
| #define HAVE_COREFOUNDATION 1
| #define TCL_SHLIB_EXT ".dylib"
| #define TCL_CFG_OPTIMIZED 1
| #define TCL_CFG_DEBUG 1
| #define TCL_TOMMATH 1
| #define MP_PREC 4
| #define TCL_WIDE_INT_IS_LONG 1
| #define HAVE_GETCWD 1
| #define HAVE_OPENDIR 1
| #define HAVE_STRTOL 1
| #define HAVE_WAITPID 1
| #define HAVE_GETADDRINFO 1
| #define HAVE_SYS_TIME_H 1
| #define TIME_WITH_SYS_TIME 1
| #define HAVE_GMTIME_R 1
| #define HAVE_LOCALTIME_R 1
| #define HAVE_MKTIME 1
| #define HAVE_TM_GMTOFF 1
| #define HAVE_TIMEZONE_VAR 1
| #define HAVE_STRUCT_STAT_ST_BLOCKS 1
| #define HAVE_STRUCT_STAT_ST_BLKSIZE 1
| #define HAVE_BLKCNT_T 1
| /* end confdefs.h.  */
| #include <stdio.h>
| #ifdef HAVE_SYS_TYPES_H
| # include <sys/types.h>
| #endif
| #ifdef HAVE_SYS_STAT_H
| # include <sys/stat.h>
| #endif
| #ifdef STDC_HEADERS
| # include <stdlib.h>
| # include <stddef.h>
| #else
| # ifdef HAVE_STDLIB_H
| #  include <stdlib.h>
| # endif
| #endif
| #ifdef HAVE_STRING_H
| # if !defined STDC_HEADERS && defined HAVE_MEMORY_H
| #  include <memory.h>
| # endif
| # include <string.h>
| #endif
| #ifdef HAVE_STRINGS_H
| # include <strings.h>
| #endif
| #ifdef HAVE_INTTYPES_H
| # include <inttypes.h>
| #endif
| #ifdef HAVE_STDINT_H
| # include <stdint.h>
| #endif
| #ifdef HAVE_UNISTD_H
| # include <unistd.h>
| #endif
| int
| main ()
| {
| if (sizeof ((mode_t)))
| 	    return 0;
|   ;
|   return 0;
| }
configure:9023: result: yes
configure:9034: checking for pid_t
configure:9034: gcc -c -pipe    conftest.c >&5
configure:9034: $? = 0
configure:9034: gcc -c -pipe    conftest.c >&5
conftest.c:84:20: error: expected expression
if (sizeof ((pid_t)))
                   ^
1 error generated.
configure:9034: $? = 1
configure: failed program was:
| /* confdefs.h */
| #define PACKAGE_NAME "tcl"
| #define PACKAGE_TARNAME "tcl"
| #define PACKAGE_VERSION "8.5"
| #define PACKAGE_STRING "tcl 8.5"
| #define PACKAGE_BUGREPORT ""
| #define PACKAGE_URL ""
| #define STDC_HEADERS 1
| #define HAVE_SYS_TYPES_H 1
| #define HAVE_SYS_STAT_H 1
| #define HAVE_STDLIB_H 1
| #define HAVE_STRING_H 1
| #define HAVE_MEMORY_H 1
| #define HAVE_STRINGS_H 1
| #define HAVE_INTTYPES_H 1
| #define HAVE_STDINT_H 1
| #define HAVE_UNISTD_H 1
| #define NO_VALUES_H 1
| #define HAVE_LIMITS_H 1
| #define HAVE_SYS_PARAM_H 1
| #define TCL_CFGVAL_ENCODING "iso8859-1"
| #define STATIC_BUILD 1
| #define MODULE_SCOPE extern __attribute__((__visibility__("hidden")))
| #define MAC_OSX_TCL 1
| #define HAVE_COREFOUNDATION 1
| #define TCL_SHLIB_EXT ".dylib"
| #define TCL_CFG_OPTIMIZED 1
| #define TCL_CFG_DEBUG 1
| #define TCL_TOMMATH 1
| #define MP_PREC 4
| #define TCL_WIDE_INT_IS_LONG 1
| #define HAVE_GETCWD 1
| #define HAVE_OPENDIR 1
| #define HAVE_STRTOL 1
| #define HAVE_WAITPID 1
| #define HAVE_GETADDRINFO 1
| #define HAVE_SYS_TIME_H 1
| #define TIME_WITH_SYS_TIME 1
| #define HAVE_GMTIME_R 1
| #define HAVE_LOCALTIME_R 1
| #define HAVE_MKTIME 1
| #define HAVE_TM_GMTOFF 1
| #define HAVE_TIMEZONE_VAR 1
| #define HAVE_STRUCT_STAT_ST_BLOCKS 1
| #define HAVE_STRUCT_STAT_ST_BLKSIZE 1
| #define HAVE_BLKCNT_T 1
| /* end confdefs.h.  */
| #include <stdio.h>
| #ifdef HAVE_SYS_TYPES_H
| # include <sys/types.h>
| #endif
| #ifdef HAVE_SYS_STAT_H
| # include <sys/stat.h>
| #endif
| #ifdef STDC_HEADERS
| # include <stdlib.h>
| # include <stddef.h>
| #else
| # ifdef HAVE_STDLIB_H
| #  include <stdlib.h>
| # endif
| #endif
| #ifdef HAVE_STRING_H
| # if !defined STDC_HEADERS && defined HAVE_MEMORY_H
| #  include <memory.h>
| # endif
| # include <string.h>
| #endif
| #ifdef HAVE_STRINGS_H
| # include <strings.h>
| #endif
| #ifdef HAVE_INTTYPES_H
| # include <inttypes.h>
| #endif
| #ifdef HAVE_STDINT_H
| # include <stdint.h>
| #endif
| #ifdef HAVE_UNISTD_H
| # include <unistd.h>
| #endif
| int
| main ()
| {
| if (sizeof ((pid_t)))
| 	    return 0;
|   ;
|   return 0;
| }
configure:9034: result: yes
configure:9045: checking for size_t
configure:9045: gcc -c -pipe    conftest.c >&5
configure:9045: $? = 0
configure:9045: gcc -c -pipe    conftest.c >&5
conftest.c:84:21: error: expected expression
if (sizeof ((size_t)))
                    ^
1 error generated.
configure:9045: $? = 1
configure: failed program was:
| /* confdefs.h */
| #define PACKAGE_NAME "tcl"
| #define PACKAGE_TARNAME "tcl"
| #define PACKAGE_VERSION "8.5"
| #define PACKAGE_STRING "tcl 8.5"
| #define PACKAGE_BUGREPORT ""
| #define PACKAGE_URL ""
| #define STDC_HEADERS 1
| #define HAVE_SYS_TYPES_H 1
| #define HAVE_SYS_STAT_H 1
| #define HAVE_STDLIB_H 1
| #define HAVE_STRING_H 1
| #define HAVE_MEMORY_H 1
| #define HAVE_STRINGS_H 1
| #define HAVE_INTTYPES_H 1
| #define HAVE_STDINT_H 1
| #define HAVE_UNISTD_H 1
| #define NO_VALUES_H 1
| #define HAVE_LIMITS_H 1
| #define HAVE_SYS_PARAM_H 1
| #define TCL_CFGVAL_ENCODING "iso8859-1"
| #define STATIC_BUILD 1
| #define MODULE_SCOPE extern __attribute__((__visibility__("hidden")))
| #define MAC_OSX_TCL 1
| #define HAVE_COREFOUNDATION 1
| #define TCL_SHLIB_EXT ".dylib"
| #define TCL_CFG_OPTIMIZED 1
| #define TCL_CFG_DEBUG 1
| #define TCL_TOMMATH 1
| #define MP_PREC 4
| #define TCL_WIDE_INT_IS_LONG 1
| #define HAVE_GETCWD 1
| #define HAVE_OPENDIR 1
| #define HAVE_STRTOL 1
| #define HAVE_WAITPID 1
| #define HAVE_GETADDRINFO 1
| #define HAVE_SYS_TIME_H 1
| #define TIME_WITH_SYS_TIME 1
| #define HAVE_GMTIME_R 1
| #define HAVE_LOCALTIME_R 1
| #define HAVE_MKTIME 1
| #define HAVE_TM_GMTOFF 1
| #define HAVE_TIMEZONE_VAR 1
| #define HAVE_STRUCT_STAT_ST_BLOCKS 1
| #define HAVE_STRUCT_STAT_ST_BLKSIZE 1
| #define HAVE_BLKCNT_T 1
| /* end confdefs.h.  */
| #include <stdio.h>
| #ifdef HAVE_SYS_TYPES_H
| # include <sys/types.h>
| #endif
| #ifdef HAVE_SYS_STAT_H
| # include <sys/stat.h>
| #endif
| #ifdef STDC_HEADERS
| # include <stdlib.h>
| # include <stddef.h>
| #else
| # ifdef HAVE_STDLIB_H
| #  include <stdlib.h>
| # endif
| #endif
| #ifdef HAVE_STRING_H
| # if !defined STDC_HEADERS && defined HAVE_MEMORY_H
| #  include <memory.h>
| # endif
| # include <string.h>
| #endif
| #ifdef HAVE_STRINGS_H
| # include <strings.h>
| #endif
| #ifdef HAVE_INTTYPES_H
| # include <inttypes.h>
| #endif
| #ifdef HAVE_STDINT_H
| # include <stdint.h>
| #endif
| #ifdef HAVE_UNISTD_H
| # include <unistd.h>
| #endif
| int
| main ()
| {
| if (sizeof ((size_t)))
| 	    return 0;
|   ;
|   return 0;
| }
configure:9045: result: yes
configure:9056: checking for uid_t in sys/types.h
configure:9075: result: yes
configure:9087: checking for socklen_t
configure:9109: gcc -c -pipe    conftest.c >&5
configure:9109: $? = 0
configure:9116: result: yes
configure:9124: checking for intptr_t
configure:9124: gcc -c -pipe    conftest.c >&5
configure:9124: $? = 0
configure:9124: gcc -c -pipe    conftest.c >&5
conftest.c:84:23: error: expected expression
if (sizeof ((intptr_t)))
                      ^
1 error generated.
configure:9124: $? = 1
configure: failed program was:
| /* confdefs.h */
| #define PACKAGE_NAME "tcl"
| #define PACKAGE_TARNAME "tcl"
| #define PACKAGE_VERSION "8.5"
| #define PACKAGE_STRING "tcl 8.5"
| #define PACKAGE_BUGREPORT ""
| #define PACKAGE_URL ""
| #define STDC_HEADERS 1
| #define HAVE_SYS_TYPES_H 1
| #define HAVE_SYS_STAT_H 1
| #define HAVE_STDLIB_H 1
| #define HAVE_STRING_H 1
| #define HAVE_MEMORY_H 1
| #define HAVE_STRINGS_H 1
| #define HAVE_INTTYPES_H 1
| #define HAVE_STDINT_H 1
| #define HAVE_UNISTD_H 1
| #define NO_VALUES_H 1
| #define HAVE_LIMITS_H 1
| #define HAVE_SYS_PARAM_H 1
| #define TCL_CFGVAL_ENCODING "iso8859-1"
| #define STATIC_BUILD 1
| #define MODULE_SCOPE extern __attribute__((__visibility__("hidden")))
| #define MAC_OSX_TCL 1
| #define HAVE_COREFOUNDATION 1
| #define TCL_SHLIB_EXT ".dylib"
| #define TCL_CFG_OPTIMIZED 1
| #define TCL_CFG_DEBUG 1
| #define TCL_TOMMATH 1
| #define MP_PREC 4
| #define TCL_WIDE_INT_IS_LONG 1
| #define HAVE_GETCWD 1
| #define HAVE_OPENDIR 1
| #define HAVE_STRTOL 1
| #define HAVE_WAITPID 1
| #define HAVE_GETADDRINFO 1
| #define HAVE_SYS_TIME_H 1
| #define TIME_WITH_SYS_TIME 1
| #define HAVE_GMTIME_R 1
| #define HAVE_LOCALTIME_R 1
| #define HAVE_MKTIME 1
| #define HAVE_TM_GMTOFF 1
| #define HAVE_TIMEZONE_VAR 1
| #define HAVE_STRUCT_STAT_ST_BLOCKS 1
| #define HAVE_STRUCT_STAT_ST_BLKSIZE 1
| #define HAVE_BLKCNT_T 1
| /* end confdefs.h.  */
| #include <stdio.h>
| #ifdef HAVE_SYS_TYPES_H
| # include <sys/types.h>
| #endif
| #ifdef HAVE_SYS_STAT_H
| # include <sys/stat.h>
| #endif
| #ifdef STDC_HEADERS
| # include <stdlib.h>
| # include <stddef.h>
| #else
| # ifdef HAVE_STDLIB_H
| #  include <stdlib.h>
| # endif
| #endif
| #ifdef HAVE_STRING_H
| # if !defined STDC_HEADERS && defined HAVE_MEMORY_H
| #  include <memory.h>
| # endif
| # include <string.h>
| #endif
| #ifdef HAVE_STRINGS_H
| # include <strings.h>
| #endif
| #ifdef HAVE_INTTYPES_H
| # include <inttypes.h>
| #endif
| #ifdef HAVE_STDINT_H
| # include <stdint.h>
| #endif
| #ifdef HAVE_UNISTD_H
| # include <unistd.h>
| #endif
| int
| main ()
| {
| if (sizeof ((intptr_t)))
| 	    return 0;
|   ;
|   return 0;
| }
configure:9124: result: yes
configure:9175: checking for uintptr_t
configure:9175: gcc -c -pipe    conftest.c >&5
configure:9175: $? = 0
configure:9175: gcc -c -pipe    conftest.c >&5
conftest.c:85:24: error: expected expression
if (sizeof ((uintptr_t)))
                       ^
1 error generated.
configure:9175: $? = 1
configure: failed program was:
| /* confdefs.h */
| #define PACKAGE_NAME "tcl"
| #define PACKAGE_TARNAME "tcl"
| #define PACKAGE_VERSION "8.5"
| #define PACKAGE_STRING "tcl 8.5"
| #define PACKAGE_BUGREPORT ""
| #define PACKAGE_URL ""
| #define STDC_HEADERS 1
| #define HAVE_SYS_TYPES_H 1
| #define HAVE_SYS_STAT_H 1
| #define HAVE_STDLIB_H 1
| #define HAVE_STRING_H 1
| #define HAVE_MEMORY_H 1
| #define HAVE_STRINGS_H 1
| #define HAVE_INTTYPES_H 1
| #define HAVE_STDINT_H 1
| #define HAVE_UNISTD_H 1
| #define NO_VALUES_H 1
| #define HAVE_LIMITS_H 1
| #define HAVE_SYS_PARAM_H 1
| #define TCL_CFGVAL_ENCODING "iso8859-1"
| #define STATIC_BUILD 1
| #define MODULE_SCOPE extern __attribute__((__visibility__("hidden")))
| #define MAC_OSX_TCL 1
| #define HAVE_COREFOUNDATION 1
| #define TCL_SHLIB_EXT ".dylib"
| #define TCL_CFG_OPTIMIZED 1
| #define TCL_CFG_DEBUG 1
| #define TCL_TOMMATH 1
| #define MP_PREC 4
| #define TCL_WIDE_INT_IS_LONG 1
| #define HAVE_GETCWD 1
| #define HAVE_OPENDIR 1
| #define HAVE_STRTOL 1
| #define HAVE_WAITPID 1
| #define HAVE_GETADDRINFO 1
| #define HAVE_SYS_TIME_H 1
| #define TIME_WITH_SYS_TIME 1
| #define HAVE_GMTIME_R 1
| #define HAVE_LOCALTIME_R 1
| #define HAVE_MKTIME 1
| #define HAVE_TM_GMTOFF 1
| #define HAVE_TIMEZONE_VAR 1
| #define HAVE_STRUCT_STAT_ST_BLOCKS 1
| #define HAVE_STRUCT_STAT_ST_BLKSIZE 1
| #define HAVE_BLKCNT_T 1
| #define HAVE_INTPTR_T 1
| /* end confdefs.h.  */
| #include <stdio.h>
| #ifdef HAVE_SYS_TYPES_H
| # include <sys/types.h>
| #endif
| #ifdef HAVE_SYS_STAT_H
| # include <sys/stat.h>
| #endif
| #ifdef STDC_HEADERS
| # include <stdlib.h>
| # include <stddef.h>
| #else
| # ifdef HAVE_STDLIB_H
| #  include <stdlib.h>
| # endif
| #endif
| #ifdef HAVE_STRING_H
| # if !defined STDC_HEADERS && defined HAVE_MEMORY_H
| #  include <memory.h>
| # endif
| # include <string.h>
| #endif
| #ifdef HAVE_STRINGS_H
| # include <strings.h>
| #endif
| #ifdef HAVE_INTTYPES_H
| # include <inttypes.h>
| #endif
| #ifdef HAVE_STDINT_H
| # include <stdint.h>
| #endif
| #ifdef HAVE_UNISTD_H
| # include <unistd.h>
| #endif
| int
| main ()
| {
| if (sizeof ((uintptr_t)))
| 	    return 0;
|   ;
|   return 0;
| }
configure:9175: result: yes
configure:9235: checking for opendir
configure:9235: result: yes
configure:9253: checking union wait
configure:9275: gcc -o conftest -pipe     -prebind -headerpad_max_install_names -Wl,-search_paths_first  conftest.c  -framework CoreFoundation >&5
ld: warning: option -prebind is obsolete and being ignored
configure:9275: $? = 0
configure:9283: result: yes
configure:9297: checking for strncasecmp
configure:9297: gcc -o conftest -pipe     -prebind -headerpad_max_install_names -Wl,-search_paths_first  conftest.c  -framework CoreFoundation >&5
conftest.c:73:6: warning: incompatible redeclaration of library function 'strncasecmp' [-Wincompatible-library-redeclaration]
char strncasecmp ();
     ^
conftest.c:73:6: note: 'strncasecmp' is a builtin with type 'int (const char *, const char *, unsigned long)'
1 warning generated.
ld: warning: option -prebind is obsolete and being ignored
configure:9297: $? = 0
configure:9297: result: yes
configure:9413: checking for BSDgettimeofday
configure:9413: gcc -o conftest -pipe     -prebind -headerpad_max_install_names -Wl,-search_paths_first  conftest.c  -framework CoreFoundation >&5
ld: warning: option -prebind is obsolete and being ignored
Undefined symbols for architecture x86_64:
  "_BSDgettimeofday", referenced from:
      _main in conftest-b15d1f.o
ld: symbol(s) not found for architecture x86_64
clang: error: linker command failed with exit code 1 (use -v to see invocation)
configure:9413: $? = 1
configure: failed program was:
| /* confdefs.h */
| #define PACKAGE_NAME "tcl"
| #define PACKAGE_TARNAME "tcl"
| #define PACKAGE_VERSION "8.5"
| #define PACKAGE_STRING "tcl 8.5"
| #define PACKAGE_BUGREPORT ""
| #define PACKAGE_URL ""
| #define STDC_HEADERS 1
| #define HAVE_SYS_TYPES_H 1
| #define HAVE_SYS_STAT_H 1
| #define HAVE_STDLIB_H 1
| #define HAVE_STRING_H 1
| #define HAVE_MEMORY_H 1
| #define HAVE_STRINGS_H 1
| #define HAVE_INTTYPES_H 1
| #define HAVE_STDINT_H 1
| #define HAVE_UNISTD_H 1
| #define NO_VALUES_H 1
| #define HAVE_LIMITS_H 1
| #define HAVE_SYS_PARAM_H 1
| #define TCL_CFGVAL_ENCODING "iso8859-1"
| #define STATIC_BUILD 1
| #define MODULE_SCOPE extern __attribute__((__visibility__("hidden")))
| #define MAC_OSX_TCL 1
| #define HAVE_COREFOUNDATION 1
| #define TCL_SHLIB_EXT ".dylib"
| #define TCL_CFG_OPTIMIZED 1
| #define TCL_CFG_DEBUG 1
| #define TCL_TOMMATH 1
| #define MP_PREC 4
| #define TCL_WIDE_INT_IS_LONG 1
| #define HAVE_GETCWD 1
| #define HAVE_OPENDIR 1
| #define HAVE_STRTOL 1
| #define HAVE_WAITPID 1
| #define HAVE_GETADDRINFO 1
| #define HAVE_SYS_TIME_H 1
| #define TIME_WITH_SYS_TIME 1
| #define HAVE_GMTIME_R 1
| #define HAVE_LOCALTIME_R 1
| #define HAVE_MKTIME 1
| #define HAVE_TM_GMTOFF 1
| #define HAVE_TIMEZONE_VAR 1
| #define HAVE_STRUCT_STAT_ST_BLOCKS 1
| #define HAVE_STRUCT_STAT_ST_BLKSIZE 1
| #define HAVE_BLKCNT_T 1
| #define HAVE_INTPTR_T 1
| #define HAVE_UINTPTR_T 1
| /* end confdefs.h.  */
| /* Define BSDgettimeofday to an innocuous variant, in case <limits.h> declares BSDgettimeofday.
|    For example, HP-UX 11i <limits.h> declares gettimeofday.  */
| #define BSDgettimeofday innocuous_BSDgettimeofday
| 
| /* System header to define __stub macros and hopefully few prototypes,
|     which can conflict with char BSDgettimeofday (); below.
|     Prefer <limits.h> to <assert.h> if __STDC__ is defined, since
|     <limits.h> exists even on freestanding compilers.  */
| 
| #ifdef __STDC__
| # include <limits.h>
| #else
| # include <assert.h>
| #endif
| 
| #undef BSDgettimeofday
| 
| /* Override any GCC internal prototype to avoid an error.
|    Use char because int might match the return type of a GCC
|    builtin and then its argument prototype would still apply.  */
| #ifdef __cplusplus
| extern "C"
| #endif
| char BSDgettimeofday ();
| /* The GNU C library defines this for functions which it implements
|     to always fail with ENOSYS.  Some functions are actually named
|     something starting with __ and the normal name is an alias.  */
| #if defined __stub_BSDgettimeofday || defined __stub___BSDgettimeofday
| choke me
| #endif
| 
| int
| main ()
| {
| return BSDgettimeofday ();
|   ;
|   return 0;
| }
configure:9413: result: no
configure:9420: checking for gettimeofday
configure:9420: gcc -o conftest -pipe     -prebind -headerpad_max_install_names -Wl,-search_paths_first  conftest.c  -framework CoreFoundation >&5
ld: warning: option -prebind is obsolete and being ignored
configure:9420: $? = 0
configure:9420: result: yes
configure:9432: checking for gettimeofday declaration
configure:9452: result: present
configure:9466: checking whether char is unsigned
configure:9485: gcc -c -pipe    conftest.c >&5
configure:9485: $? = 0
configure:9492: result: no
configure:9499: checking signed char declarations
configure:9519: gcc -c -pipe    conftest.c >&5
configure:9519: $? = 0
configure:9526: result: yes
configure:9538: checking for a putenv() that copies the buffer
configure:9569: gcc -o conftest -pipe     -prebind -headerpad_max_install_names -Wl,-search_paths_first  conftest.c  -framework CoreFoundation >&5
conftest.c:57:20: warning: implicitly declaring library function 'strdup' with type 'char *(const char *)' [-Wimplicit-function-declaration]
            foo = (char *)strdup(OURVAR);
                          ^
conftest.c:57:20: note: include the header <string.h> or explicitly provide a declaration for 'strdup'
conftest.c:59:6: warning: implicitly declaring library function 'strcpy' with type 'char *(char *, const char *)' [-Wimplicit-function-declaration]
            strcpy((char *)(strchr(foo, '=') + 1), "no");
            ^
conftest.c:59:6: note: include the header <string.h> or explicitly provide a declaration for 'strcpy'
conftest.c:59:22: warning: implicitly declaring library function 'strchr' with type 'char *(const char *, int)' [-Wimplicit-function-declaration]
            strcpy((char *)(strchr(foo, '=') + 1), "no");
                            ^
conftest.c:59:22: note: include the header <string.h> or explicitly provide a declaration for 'strchr'
conftest.c:61:11: warning: implicitly declaring library function 'strcmp' with type 'int (const char *, const char *)' [-Wimplicit-function-declaration]
            if (!strcmp(bar, "no")) {
                 ^
conftest.c:61:11: note: include the header <string.h> or explicitly provide a declaration for 'strcmp'
4 warnings generated.
ld: warning: option -prebind is obsolete and being ignored
configure:9569: $? = 0
configure:9569: ./conftest
configure:9569: $? = 0
configure:9579: result: no
configure:9602: checking langinfo.h usability
configure:9602: gcc -c -pipe    conftest.c >&5
configure:9602: $? = 0
configure:9602: result: yes
configure:9602: checking langinfo.h presence
configure:9602: gcc -E   conftest.c
configure:9602: $? = 0
configure:9602: result: yes
configure:9602: checking for langinfo.h
configure:9602: result: yes
configure:9611: checking whether to use nl_langinfo
configure:9629: gcc -c -pipe    conftest.c >&5
configure:9629: $? = 0
configure:9637: result: yes
configure:9656: checking for chflags
configure:9656: gcc -o conftest -pipe     -prebind -headerpad_max_install_names -Wl,-search_paths_first  conftest.c  -framework CoreFoundation >&5
ld: warning: option -prebind is obsolete and being ignored
configure:9656: $? = 0
configure:9656: result: yes
configure:9670: checking isnan
configure:9689: gcc -o conftest -pipe     -prebind -headerpad_max_install_names -Wl,-search_paths_first  conftest.c  -framework CoreFoundation >&5
ld: warning: option -prebind is obsolete and being ignored
configure:9689: $? = 0
configure:9697: result: yes
configure:9712: checking for getattrlist
configure:9712: gcc -o conftest -pipe     -prebind -headerpad_max_install_names -Wl,-search_paths_first  conftest.c  -framework CoreFoundation >&5
ld: warning: option -prebind is obsolete and being ignored
configure:9712: $? = 0
configure:9712: result: yes
configure:9723: checking copyfile.h usability
configure:9723: gcc -c -pipe    conftest.c >&5
configure:9723: $? = 0
configure:9723: result: yes
configure:9723: checking copyfile.h presence
configure:9723: gcc -E   conftest.c
configure:9723: $? = 0
configure:9723: result: yes
configure:9723: checking for copyfile.h
configure:9723: result: yes
configure:9735: checking for copyfile
configure:9735: gcc -o conftest -pipe     -prebind -headerpad_max_install_names -Wl,-search_paths_first  conftest.c  -framework CoreFoundation >&5
ld: warning: option -prebind is obsolete and being ignored
configure:9735: $? = 0
configure:9735: result: yes
configure:9747: checking libkern/OSAtomic.h usability
configure:9747: gcc -c -pipe    conftest.c >&5
configure:9747: $? = 0
configure:9747: result: yes
configure:9747: checking libkern/OSAtomic.h presence
configure:9747: gcc -E   conftest.c
configure:9747: $? = 0
configure:9747: result: yes
configure:9747: checking for libkern/OSAtomic.h
configure:9747: result: yes
configure:9759: checking for OSSpinLockLock
configure:9759: gcc -o conftest -pipe     -prebind -headerpad_max_install_names -Wl,-search_paths_first  conftest.c  -framework CoreFoundation >&5
ld: warning: option -prebind is obsolete and being ignored
configure:9759: $? = 0
configure:9759: result: yes
configure:9770: checking for pthread_atfork
configure:9770: gcc -o conftest -pipe     -prebind -headerpad_max_install_names -Wl,-search_paths_first  conftest.c  -framework CoreFoundation >&5
ld: warning: option -prebind is obsolete and being ignored
configure:9770: $? = 0
configure:9770: result: yes
configure:9794: checking AvailabilityMacros.h usability
configure:9794: gcc -c -pipe    conftest.c >&5
configure:9794: $? = 0
configure:9794: result: yes
configure:9794: checking AvailabilityMacros.h presence
configure:9794: gcc -E   conftest.c
configure:9794: $? = 0
configure:9794: result: yes
configure:9794: checking for AvailabilityMacros.h
configure:9794: result: yes
configure:9805: checking if weak import is available
configure:9832: gcc -o conftest -pipe  -Werror    -prebind -headerpad_max_install_names -Wl,-search_paths_first  conftest.c  -framework CoreFoundation >&5
ld: warning: option -prebind is obsolete and being ignored
configure:9832: $? = 0
configure:9841: result: yes
configure:9848: checking if Darwin SUSv3 extensions are available
configure:9876: gcc -c -pipe  -Werror   conftest.c >&5
configure:9876: $? = 0
configure:9884: result: yes
configure:9904: checking for fts
configure:9929: gcc -o conftest -pipe     -prebind -headerpad_max_install_names -Wl,-search_paths_first  conftest.c  -framework CoreFoundation >&5
ld: warning: option -prebind is obsolete and being ignored
configure:9929: $? = 0
configure:9937: result: yes
configure:9955: checking sys/ioctl.h usability
configure:9955: gcc -c -pipe    conftest.c >&5
configure:9955: $? = 0
configure:9955: result: yes
configure:9955: checking sys/ioctl.h presence
configure:9955: gcc -E   conftest.c
configure:9955: $? = 0
configure:9955: result: yes
configure:9955: checking for sys/ioctl.h
configure:9955: result: yes
configure:9967: checking sys/filio.h usability
configure:9967: gcc -c -pipe    conftest.c >&5
configure:9967: $? = 0
configure:9967: result: yes
configure:9967: checking sys/filio.h presence
configure:9967: gcc -E   conftest.c
configure:9967: $? = 0
configure:9967: result: yes
configure:9967: checking for sys/filio.h
configure:9967: result: yes
configure:9978: checking system version
configure:10006: result: Darwin-18.2.0
configure:10010: checking FIONBIO vs. O_NONBLOCK for nonblocking I/O
configure:10033: result: O_NONBLOCK
configure:10041: checking whether to use dll unloading
configure:10055: result: yes
configure:10064: checking for timezone data
configure:10105: result: /usr/share/zoneinfo
configure:10187: checking whether to enable DTrace support
configure:10210: result: no
configure:10217: checking if the C stack grows upwards in memory
configure:10241: gcc -o conftest -pipe     -prebind -headerpad_max_install_names -Wl,-search_paths_first  conftest.c  -framework CoreFoundation >&5
ld: warning: option -prebind is obsolete and being ignored
configure:10241: $? = 0
configure:10241: ./conftest
configure:10241: $? = 1
configure: program exited with status 1
configure: failed program was:
| /* confdefs.h */
| #define PACKAGE_NAME "tcl"
| #define PACKAGE_TARNAME "tcl"
| #define PACKAGE_VERSION "8.5"
| #define PACKAGE_STRING "tcl 8.5"
| #define PACKAGE_BUGREPORT ""
| #define PACKAGE_URL ""
| #define STDC_HEADERS 1
| #define HAVE_SYS_TYPES_H 1
| #define HAVE_SYS_STAT_H 1
| #define HAVE_STDLIB_H 1
| #define HAVE_STRING_H 1
| #define HAVE_MEMORY_H 1
| #define HAVE_STRINGS_H 1
| #define HAVE_INTTYPES_H 1
| #define HAVE_STDINT_H 1
| #define HAVE_UNISTD_H 1
| #define NO_VALUES_H 1
| #define HAVE_LIMITS_H 1
| #define HAVE_SYS_PARAM_H 1
| #define TCL_CFGVAL_ENCODING "iso8859-1"
| #define STATIC_BUILD 1
| #define MODULE_SCOPE extern __attribute__((__visibility__("hidden")))
| #define MAC_OSX_TCL 1
| #define HAVE_COREFOUNDATION 1
| #define TCL_SHLIB_EXT ".dylib"
| #define TCL_CFG_OPTIMIZED 1
| #define TCL_CFG_DEBUG 1
| #define TCL_TOMMATH 1
| #define MP_PREC 4
| #define TCL_WIDE_INT_IS_LONG 1
| #define HAVE_GETCWD 1
| #define HAVE_OPENDIR 1
| #define HAVE_STRTOL 1
| #define HAVE_WAITPID 1
| #define HAVE_GETADDRINFO 1
| #define HAVE_SYS_TIME_H 1
| #define TIME_WITH_SYS_TIME 1
| #define HAVE_GMTIME_R 1
| #define HAVE_LOCALTIME_R 1
| #define HAVE_MKTIME 1
| #define HAVE_TM_GMTOFF 1
| #define HAVE_TIMEZONE_VAR 1
| #define HAVE_STRUCT_STAT_ST_BLOCKS 1
| #define HAVE_STRUCT_STAT_ST_BLKSIZE 1
| #define HAVE_BLKCNT_T 1
| #define HAVE_INTPTR_T 1
| #define HAVE_UINTPTR_T 1
| #define HAVE_SIGNED_CHAR 1
| #define HAVE_LANGINFO 1
| #define HAVE_CHFLAGS 1
| #define HAVE_GETATTRLIST 1
| #define HAVE_COPYFILE_H 1
| #define HAVE_COPYFILE 1
| #define HAVE_LIBKERN_OSATOMIC_H 1
| #define HAVE_OSSPINLOCKLOCK 1
| #define HAVE_PTHREAD_ATFORK 1
| #define USE_VFORK 1
| #define TCL_DEFAULT_ENCODING "utf-8"
| #define TCL_LOAD_FROM_MEMORY 1
| #define TCL_WIDE_CLICKS 1
| #define HAVE_AVAILABILITYMACROS_H 1
| #define HAVE_WEAK_IMPORT 1
| #define _DARWIN_C_SOURCE 1
| #define HAVE_FTS 1
| #define HAVE_SYS_IOCTL_H 1
| #define HAVE_SYS_FILIO_H 1
| #define TCL_UNLOAD_DLLS 1
| /* end confdefs.h.  */
| 
| 	int StackGrowsUp(int *parent) {
| 	    int here;
| 	    if (parent)
| 		return (&here < parent);
| 	    else
| 		return StackGrowsUp(&here);
| 	}
| 	int main (int argc, char *argv[]) {
| 	    return StackGrowsUp(0);
| 	}
| 
configure:10251: result: no
configure:10290: checking how to package libraries
configure:10320: result: static library
configure:10632: creating ./config.status

## ---------------------- ##
## Running config.status. ##
## ---------------------- ##

This file was extended by tcl config.status 8.5, which was
generated by GNU Autoconf 2.69.  Invocation command line was

  CONFIG_FILES    = 
  CONFIG_HEADERS  = 
  CONFIG_LINKS    = 
  CONFIG_COMMANDS = 
  $ ./config.status 

on dhcp130-243-26-15.vl815.kau.se

config.status:820: creating Tcl-Info.plist
config.status:820: creating Tclsh-Info.plist
config.status:820: creating Makefile
config.status:820: creating dltest/Makefile
config.status:820: creating tclConfig.sh
configure:11661: WARNING: unrecognized options: --enable-gcc

## ---------------- ##
## Cache variables. ##
## ---------------- ##

ac_cv_c_bigendian=no
ac_cv_c_char_unsigned=no
ac_cv_c_compiler_gnu=yes
ac_cv_c_inline=inline
ac_cv_env_CC_set=
ac_cv_env_CC_value=
ac_cv_env_CFLAGS_set=
ac_cv_env_CFLAGS_value=
ac_cv_env_CPPFLAGS_set=
ac_cv_env_CPPFLAGS_value=
ac_cv_env_CPP_set=
ac_cv_env_CPP_value=
ac_cv_env_LDFLAGS_set=
ac_cv_env_LDFLAGS_value=
ac_cv_env_LIBS_set=
ac_cv_env_LIBS_value=
ac_cv_env_build_alias_set=
ac_cv_env_build_alias_value=
ac_cv_env_host_alias_set=
ac_cv_env_host_alias_value=
ac_cv_env_target_alias_set=
ac_cv_env_target_alias_value=
ac_cv_func_BSDgettimeofday=no
ac_cv_func_OSSpinLockLock=yes
ac_cv_func_chflags=yes
ac_cv_func_connect=yes
ac_cv_func_copyfile=yes
ac_cv_func_fstatfs=yes
ac_cv_func_getaddrinfo=yes
ac_cv_func_getattrlist=yes
ac_cv_func_getcwd=yes
ac_cv_func_gethostbyname=yes
ac_cv_func_gettimeofday=yes
ac_cv_func_getwd=yes
ac_cv_func_gmtime_r=yes
ac_cv_func_localtime_r=yes
ac_cv_func_memcmp_working=yes
ac_cv_func_memmove=yes
ac_cv_func_mktime=yes
ac_cv_func_opendir=yes
ac_cv_func_pthread_atfork=yes
ac_cv_func_realpath=yes
ac_cv_func_sin=yes
ac_cv_func_strerror=yes
ac_cv_func_strncasecmp=yes
ac_cv_func_strstr=yes
ac_cv_func_strtod=yes
ac_cv_func_strtol=yes
ac_cv_func_strtoul=yes
ac_cv_func_uname=yes
ac_cv_func_wait3=yes
ac_cv_func_waitpid=yes
ac_cv_header_AvailabilityMacros_h=yes
ac_cv_header_copyfile_h=yes
ac_cv_header_dlfcn_h=yes
ac_cv_header_float_h=yes
ac_cv_header_inttypes_h=yes
ac_cv_header_langinfo_h=yes
ac_cv_header_libkern_OSAtomic_h=yes
ac_cv_header_limits_h=yes
ac_cv_header_memory_h=yes
ac_cv_header_net_errno_h=no
ac_cv_header_stdc=yes
ac_cv_header_stdint_h=yes
ac_cv_header_stdlib_h=yes
ac_cv_header_string_h=yes
ac_cv_header_strings_h=yes
ac_cv_header_sys_filio_h=yes
ac_cv_header_sys_ioctl_h=yes
ac_cv_header_sys_modem_h=no
ac_cv_header_sys_param_h=yes
ac_cv_header_sys_stat_h=yes
ac_cv_header_sys_time_h=yes
ac_cv_header_sys_types_h=yes
ac_cv_header_sys_wait_h=yes
ac_cv_header_time=yes
ac_cv_header_unistd_h=yes
ac_cv_header_values_h=no
ac_cv_lib_dl_dlopen=yes
ac_cv_lib_ieee_main=no
ac_cv_lib_inet_main=no
ac_cv_member_struct_stat_st_blksize=yes
ac_cv_member_struct_stat_st_blocks=yes
ac_cv_objext=o
ac_cv_path_EGREP='/usr/bin/grep -E'
ac_cv_path_GREP=/usr/bin/grep
ac_cv_prog_CPP='gcc -E'
ac_cv_prog_ac_ct_AR=ar
ac_cv_prog_ac_ct_CC=gcc
ac_cv_prog_ac_ct_RANLIB=ranlib
ac_cv_prog_cc_c89=
ac_cv_prog_cc_g=yes
ac_cv_type_blkcnt_t=yes
ac_cv_type_intptr_t=yes
ac_cv_type_mode_t=yes
ac_cv_type_pid_t=yes
ac_cv_type_size_t=yes
ac_cv_type_uid_t=yes
ac_cv_type_uintptr_t=yes
tcl_cv_api_fts=yes
tcl_cv_api_getaddrinfo=yes
tcl_cv_api_serial=none
tcl_cv_cc_darwin_c_source=yes
tcl_cv_cc_pipe=yes
tcl_cv_cc_visibility_hidden=yes
tcl_cv_cc_weak_import=yes
tcl_cv_char_signed=yes
tcl_cv_dir_zoneinfo=/usr/share/zoneinfo
tcl_cv_dirent_h=yes
tcl_cv_flag__isoc99_source=no
tcl_cv_flag__largefile64_source=no
tcl_cv_flag__largefile_source64=no
tcl_cv_grep_gettimeofday=present
tcl_cv_isnan=yes
tcl_cv_langinfo_h=yes
tcl_cv_ld_search_paths_first=yes
tcl_cv_ld_single_module=yes
tcl_cv_lib_corefoundation=yes
tcl_cv_member_tm_gmtoff=yes
tcl_cv_member_tm_tzadj=no
tcl_cv_putenv_copy=no
tcl_cv_stack_grows_up=no
tcl_cv_strstr_unbroken=ok
tcl_cv_strtod_buggy=ok
tcl_cv_strtod_unbroken=ok
tcl_cv_strtoul_unbroken=ok
tcl_cv_sys_version=Darwin-18.2.0
tcl_cv_timezone_long=yes
tcl_cv_type_64bit=none
tcl_cv_type_fd_set=yes
tcl_cv_type_socklen_t=yes
tcl_cv_union_wait=yes

## ----------------- ##
## Output variables. ##
## ----------------- ##

AR='ar'
BUILD_DLTEST='$(DLTEST_TARGETS)'
CC='gcc'
CC_SEARCH_FLAGS=''
CFG_TCL_SHARED_LIB_SUFFIX='${VERSION}.dylib'
CFG_TCL_UNSHARED_LIB_SUFFIX='${VERSION}.a'
CFLAGS='-pipe   '
CFLAGS_DEBUG='-g'
CFLAGS_DEFAULT='$(CFLAGS_OPTIMIZE)'
CFLAGS_OPTIMIZE='-Os'
CFLAGS_WARNING='-Wall'
CPP='gcc -E'
CPPFLAGS=''
DEFS='-DPACKAGE_NAME=\"tcl\" -DPACKAGE_TARNAME=\"tcl\" -DPACKAGE_VERSION=\"8.5\" -DPACKAGE_STRING=\"tcl\ 8.5\" -DPACKAGE_BUGREPORT=\"\" -DPACKAGE_URL=\"\" -DSTDC_HEADERS=1 -DHAVE_SYS_TYPES_H=1 -DHAVE_SYS_STAT_H=1 -DHAVE_STDLIB_H=1 -DHAVE_STRING_H=1 -DHAVE_MEMORY_H=1 -DHAVE_STRINGS_H=1 -DHAVE_INTTYPES_H=1 -DHAVE_STDINT_H=1 -DHAVE_UNISTD_H=1 -DNO_VALUES_H=1 -DHAVE_LIMITS_H=1 -DHAVE_SYS_PARAM_H=1 -DTCL_CFGVAL_ENCODING=\"iso8859-1\" -DSTATIC_BUILD=1 -DMODULE_SCOPE=extern\ __attribute__\(\(__visibility__\(\"hidden\"\)\)\) -DMAC_OSX_TCL=1 -DHAVE_COREFOUNDATION=1 -DTCL_SHLIB_EXT=\".dylib\" -DTCL_CFG_OPTIMIZED=1 -DTCL_CFG_DEBUG=1 -DTCL_TOMMATH=1 -DMP_PREC=4 -DTCL_WIDE_INT_IS_LONG=1 -DHAVE_GETCWD=1 -DHAVE_OPENDIR=1 -DHAVE_STRTOL=1 -DHAVE_WAITPID=1 -DHAVE_GETADDRINFO=1 -DHAVE_SYS_TIME_H=1 -DTIME_WITH_SYS_TIME=1 -DHAVE_GMTIME_R=1 -DHAVE_LOCALTIME_R=1 -DHAVE_MKTIME=1 -DHAVE_TM_GMTOFF=1 -DHAVE_TIMEZONE_VAR=1 -DHAVE_STRUCT_STAT_ST_BLOCKS=1 -DHAVE_STRUCT_STAT_ST_BLKSIZE=1 -DHAVE_BLKCNT_T=1 -DHAVE_INTPTR_T=1 -DHAVE_UINTPTR_T=1 -DHAVE_SIGNED_CHAR=1 -DHAVE_LANGINFO=1 -DHAVE_CHFLAGS=1 -DHAVE_GETATTRLIST=1 -DHAVE_COPYFILE_H=1 -DHAVE_COPYFILE=1 -DHAVE_LIBKERN_OSATOMIC_H=1 -DHAVE_OSSPINLOCKLOCK=1 -DHAVE_PTHREAD_ATFORK=1 -DUSE_VFORK=1 -DTCL_DEFAULT_ENCODING=\"utf-8\" -DTCL_LOAD_FROM_MEMORY=1 -DTCL_WIDE_CLICKS=1 -DHAVE_AVAILABILITYMACROS_H=1 -DHAVE_WEAK_IMPORT=1 -D_DARWIN_C_SOURCE=1 -DHAVE_FTS=1 -DHAVE_SYS_IOCTL_H=1 -DHAVE_SYS_FILIO_H=1 -DTCL_UNLOAD_DLLS=1'
DLTEST_LD='${CC} -bundle -Wl,-w ${CFLAGS} ${LDFLAGS}'
DLTEST_SUFFIX='.bundle'
DL_LIBS=''
DL_OBJS='tclLoadDyld.o'
DTRACE=''
DTRACE_HDR=''
DTRACE_OBJ=''
DTRACE_SRC=''
ECHO_C='\c'
ECHO_N=''
ECHO_T=''
EGREP='/usr/bin/grep -E'
EXEEXT=''
EXTRA_APP_CC_SWITCHES='-mdynamic-no-pic'
EXTRA_BUILD_HTML=''
EXTRA_CC_SWITCHES=''
EXTRA_INSTALL=''
EXTRA_INSTALL_BINARIES=''
EXTRA_TCLSH_LIBS='-sectcreate __TEXT __info_plist Tclsh-Info.plist'
GREP='/usr/bin/grep'
HTML_DIR='$(DISTDIR)/html'
INSTALL_LIB='$(INSTALL_LIBRARY) $(LIB_FILE) "$(LIB_INSTALL_DIR)"/$(LIB_FILE) ; (cd "$(LIB_INSTALL_DIR)" ; $(RANLIB) $(LIB_FILE))'
INSTALL_STUB_LIB='$(INSTALL_LIBRARY) $(STUB_LIB_FILE) "$(LIB_INSTALL_DIR)"/$(STUB_LIB_FILE) ; (cd "$(LIB_INSTALL_DIR)" ; $(RANLIB) $(STUB_LIB_FILE))'
INSTALL_TZDATA=''
LDAIX_SRC=''
LDFLAGS=' -prebind -headerpad_max_install_names -Wl,-search_paths_first '
LDFLAGS_DEBUG=''
LDFLAGS_DEFAULT='$(LDFLAGS_OPTIMIZE)'
LDFLAGS_OPTIMIZE=''
LD_LIBRARY_PATH_VAR='DYLD_LIBRARY_PATH'
LD_SEARCH_FLAGS=''
LIBOBJS=''
LIBS=' -framework CoreFoundation'
MAKEFILE_SHELL='/bin/sh'
MAKE_LIB='${STLIB_LD} $@ ${OBJS} ; ${RANLIB} $@'
MAKE_STUB_LIB='${STLIB_LD} $@ ${STUB_LIB_OBJS} ; ${RANLIB} $@'
MAN_FLAGS=''
OBJEXT='o'
PACKAGE_BUGREPORT=''
PACKAGE_NAME='tcl'
PACKAGE_STRING='tcl 8.5'
PACKAGE_TARNAME='tcl'
PACKAGE_URL=''
PACKAGE_VERSION='8.5'
PATH_SEPARATOR=':'
PLAT_OBJS='${MAC_OSX_OBJS}'
PLAT_SRCS='${MAC_OSX_SRCS}'
PRIVATE_INCLUDE_DIR='$(includedir)'
RANLIB='ranlib'
SHELL='/bin/sh'
SHLIB_CFLAGS='-fno-common'
SHLIB_LD='${CC} -dynamiclib ${CFLAGS} ${LDFLAGS} -Wl,-single_module'
SHLIB_LD_LIBS='${LIBS}'
SHLIB_SUFFIX='.dylib'
STLIB_LD='${AR} cr'
TCL_BUILD_LIB_SPEC='-L/Users/oljideje/workspace/repos/ns-install-osx/ns-allinone-2.35/tcl8.5.10/unix -ltcl8.5'
TCL_BUILD_STUB_LIB_PATH='/Users/oljideje/workspace/repos/ns-install-osx/ns-allinone-2.35/tcl8.5.10/unix/libtclstub8.5.a'
TCL_BUILD_STUB_LIB_SPEC='-L/Users/oljideje/workspace/repos/ns-install-osx/ns-allinone-2.35/tcl8.5.10/unix -ltclstub8.5'
TCL_HAS_LONGLONG=''
TCL_INCLUDE_SPEC='-I/Users/oljideje/workspace/repos/ns-install-osx/ns-allinone-2.35/include'
TCL_LIBRARY='$(prefix)/lib/tcl$(VERSION)'
TCL_LIBS='  -framework CoreFoundation '
TCL_LIB_FILE='libtcl8.5.a'
TCL_LIB_FLAG='-ltcl8.5'
TCL_LIB_SPEC='-L/Users/oljideje/workspace/repos/ns-install-osx/ns-allinone-2.35/lib -ltcl8.5'
TCL_LIB_VERSIONS_OK='ok'
TCL_MAJOR_VERSION='8'
TCL_MINOR_VERSION='5'
TCL_MODULE_PATH=''
TCL_PACKAGE_PATH='/Users/oljideje/workspace/repos/ns-install-osx/ns-allinone-2.35/lib '
TCL_PATCH_LEVEL='.10'
TCL_SHARED_BUILD='0'
TCL_SHARED_LIB_SUFFIX='${VERSION}${SHLIB_SUFFIX}'
TCL_SHLIB_LD_EXTRAS='-compatibility_version 8.5 -current_version 8.5.10 -install_name "${DYLIB_INSTALL_DIR}"/${TCL_LIB_FILE} -seg1addr 0xa000000 -sectcreate __TEXT __info_plist Tcl-Info.plist'
TCL_SRC_DIR='/Users/oljideje/workspace/repos/ns-install-osx/ns-allinone-2.35/tcl8.5.10'
TCL_STUB_LIB_FILE='libtclstub8.5.a'
TCL_STUB_LIB_FLAG='-ltclstub8.5'
TCL_STUB_LIB_PATH='/Users/oljideje/workspace/repos/ns-install-osx/ns-allinone-2.35/lib/libtclstub8.5.a'
TCL_STUB_LIB_SPEC='-L/Users/oljideje/workspace/repos/ns-install-osx/ns-allinone-2.35/lib -ltclstub8.5'
TCL_THREADS='0'
TCL_UNSHARED_LIB_SUFFIX='${VERSION}.a'
TCL_VERSION='8.5'
TCL_YEAR='2018'
TK_SHLIB_LD_EXTRAS=''
ac_ct_CC='gcc'
bindir='${exec_prefix}/bin'
build_alias=''
datadir='${datarootdir}'
datarootdir='${prefix}/share'
docdir='${datarootdir}/doc/${PACKAGE_TARNAME}'
dvidir='${docdir}'
exec_prefix='/Users/oljideje/workspace/repos/ns-install-osx/ns-allinone-2.35'
host_alias=''
htmldir='${docdir}'
includedir='${prefix}/include'
infodir='${datarootdir}/info'
libdir='/Users/oljideje/workspace/repos/ns-install-osx/ns-allinone-2.35/lib'
libexecdir='${exec_prefix}/libexec'
localedir='${datarootdir}/locale'
localstatedir='${prefix}/var'
mandir='${datarootdir}/man'
oldincludedir='/usr/include'
pdfdir='${docdir}'
prefix='/Users/oljideje/workspace/repos/ns-install-osx/ns-allinone-2.35'
program_transform_name='s,x,x,'
psdir='${docdir}'
sbindir='${exec_prefix}/sbin'
sharedstatedir='${prefix}/com'
sysconfdir='${prefix}/etc'
target_alias=''

## ----------- ##
## confdefs.h. ##
## ----------- ##

/* confdefs.h */
#define PACKAGE_NAME "tcl"
#define PACKAGE_TARNAME "tcl"
#define PACKAGE_VERSION "8.5"
#define PACKAGE_STRING "tcl 8.5"
#define PACKAGE_BUGREPORT ""
#define PACKAGE_URL ""
#define STDC_HEADERS 1
#define HAVE_SYS_TYPES_H 1
#define HAVE_SYS_STAT_H 1
#define HAVE_STDLIB_H 1
#define HAVE_STRING_H 1
#define HAVE_MEMORY_H 1
#define HAVE_STRINGS_H 1
#define HAVE_INTTYPES_H 1
#define HAVE_STDINT_H 1
#define HAVE_UNISTD_H 1
#define NO_VALUES_H 1
#define HAVE_LIMITS_H 1
#define HAVE_SYS_PARAM_H 1
#define TCL_CFGVAL_ENCODING "iso8859-1"
#define STATIC_BUILD 1
#define MODULE_SCOPE extern __attribute__((__visibility__("hidden")))
#define MAC_OSX_TCL 1
#define HAVE_COREFOUNDATION 1
#define TCL_SHLIB_EXT ".dylib"
#define TCL_CFG_OPTIMIZED 1
#define TCL_CFG_DEBUG 1
#define TCL_TOMMATH 1
#define MP_PREC 4
#define TCL_WIDE_INT_IS_LONG 1
#define HAVE_GETCWD 1
#define HAVE_OPENDIR 1
#define HAVE_STRTOL 1
#define HAVE_WAITPID 1
#define HAVE_GETADDRINFO 1
#define HAVE_SYS_TIME_H 1
#define TIME_WITH_SYS_TIME 1
#define HAVE_GMTIME_R 1
#define HAVE_LOCALTIME_R 1
#define HAVE_MKTIME 1
#define HAVE_TM_GMTOFF 1
#define HAVE_TIMEZONE_VAR 1
#define HAVE_STRUCT_STAT_ST_BLOCKS 1
#define HAVE_STRUCT_STAT_ST_BLKSIZE 1
#define HAVE_BLKCNT_T 1
#define HAVE_INTPTR_T 1
#define HAVE_UINTPTR_T 1
#define HAVE_SIGNED_CHAR 1
#define HAVE_LANGINFO 1
#define HAVE_CHFLAGS 1
#define HAVE_GETATTRLIST 1
#define HAVE_COPYFILE_H 1
#define HAVE_COPYFILE 1
#define HAVE_LIBKERN_OSATOMIC_H 1
#define HAVE_OSSPINLOCKLOCK 1
#define HAVE_PTHREAD_ATFORK 1
#define USE_VFORK 1
#define TCL_DEFAULT_ENCODING "utf-8"
#define TCL_LOAD_FROM_MEMORY 1
#define TCL_WIDE_CLICKS 1
#define HAVE_AVAILABILITYMACROS_H 1
#define HAVE_WEAK_IMPORT 1
#define _DARWIN_C_SOURCE 1
#define HAVE_FTS 1
#define HAVE_SYS_IOCTL_H 1
#define HAVE_SYS_FILIO_H 1
#define TCL_UNLOAD_DLLS 1

configure: exit 0
